{"total": {"lines":{"total":596,"covered":232,"skipped":0,"pct":38.92},"statements":{"total":602,"covered":233,"skipped":0,"pct":38.7},"functions":{"total":165,"covered":54,"skipped":0,"pct":32.72},"branches":{"total":254,"covered":55,"skipped":0,"pct":21.65},"branchesTrue":{"total":0,"covered":0,"skipped":0,"pct":100}}
,"/Users/nehajoshi/Documents/courses/fse/cs5500-final-project-jay-neha/client/src/App.js": {"lines":{"total":2,"covered":1,"skipped":0,"pct":50},"functions":{"total":2,"covered":1,"skipped":0,"pct":50},"statements":{"total":2,"covered":1,"skipped":0,"pct":50},"branches":{"total":0,"covered":0,"skipped":0,"pct":100}}
,"/Users/nehajoshi/Documents/courses/fse/cs5500-final-project-jay-neha/client/src/index.js": {"lines":{"total":2,"covered":2,"skipped":0,"pct":100},"functions":{"total":0,"covered":0,"skipped":0,"pct":100},"statements":{"total":2,"covered":2,"skipped":0,"pct":100},"branches":{"total":0,"covered":0,"skipped":0,"pct":100}}
,"/Users/nehajoshi/Documents/courses/fse/cs5500-final-project-jay-neha/client/src/components/AuthContext.js": {"lines":{"total":23,"covered":18,"skipped":0,"pct":78.26},"functions":{"total":6,"covered":5,"skipped":0,"pct":83.33},"statements":{"total":24,"covered":19,"skipped":0,"pct":79.16},"branches":{"total":4,"covered":2,"skipped":0,"pct":50}}
,"/Users/nehajoshi/Documents/courses/fse/cs5500-final-project-jay-neha/client/src/components/answerform.js": {"lines":{"total":30,"covered":1,"skipped":0,"pct":3.33},"functions":{"total":5,"covered":0,"skipped":0,"pct":0},"statements":{"total":31,"covered":1,"skipped":0,"pct":3.22},"branches":{"total":23,"covered":0,"skipped":0,"pct":0}}
,"/Users/nehajoshi/Documents/courses/fse/cs5500-final-project-jay-neha/client/src/components/answerlist.js": {"lines":{"total":41,"covered":2,"skipped":0,"pct":4.87},"functions":{"total":19,"covered":0,"skipped":0,"pct":0},"statements":{"total":41,"covered":2,"skipped":0,"pct":4.87},"branches":{"total":22,"covered":0,"skipped":0,"pct":0}}
,"/Users/nehajoshi/Documents/courses/fse/cs5500-final-project-jay-neha/client/src/components/commentlist.js": {"lines":{"total":36,"covered":2,"skipped":0,"pct":5.55},"functions":{"total":14,"covered":0,"skipped":0,"pct":0},"statements":{"total":36,"covered":2,"skipped":0,"pct":5.55},"branches":{"total":14,"covered":0,"skipped":0,"pct":0}}
,"/Users/nehajoshi/Documents/courses/fse/cs5500-final-project-jay-neha/client/src/components/fakestackoverflow.js": {"lines":{"total":94,"covered":38,"skipped":0,"pct":40.42},"functions":{"total":32,"covered":10,"skipped":0,"pct":31.25},"statements":{"total":94,"covered":38,"skipped":0,"pct":40.42},"branches":{"total":20,"covered":5,"skipped":0,"pct":25}}
,"/Users/nehajoshi/Documents/courses/fse/cs5500-final-project-jay-neha/client/src/components/headercontent.js": {"lines":{"total":10,"covered":4,"skipped":0,"pct":40},"functions":{"total":2,"covered":1,"skipped":0,"pct":50},"statements":{"total":10,"covered":4,"skipped":0,"pct":40},"branches":{"total":2,"covered":2,"skipped":0,"pct":100}}
,"/Users/nehajoshi/Documents/courses/fse/cs5500-final-project-jay-neha/client/src/components/hyperlinkrenderer.js": {"lines":{"total":12,"covered":1,"skipped":0,"pct":8.33},"functions":{"total":2,"covered":0,"skipped":0,"pct":0},"statements":{"total":13,"covered":1,"skipped":0,"pct":7.69},"branches":{"total":4,"covered":0,"skipped":0,"pct":0}}
,"/Users/nehajoshi/Documents/courses/fse/cs5500-final-project-jay-neha/client/src/components/loginpage.js": {"lines":{"total":21,"covered":19,"skipped":0,"pct":90.47},"functions":{"total":3,"covered":3,"skipped":0,"pct":100},"statements":{"total":21,"covered":19,"skipped":0,"pct":90.47},"branches":{"total":6,"covered":2,"skipped":0,"pct":33.33}}
,"/Users/nehajoshi/Documents/courses/fse/cs5500-final-project-jay-neha/client/src/components/maincontent.js": {"lines":{"total":16,"covered":11,"skipped":0,"pct":68.75},"functions":{"total":1,"covered":1,"skipped":0,"pct":100},"statements":{"total":16,"covered":11,"skipped":0,"pct":68.75},"branches":{"total":14,"covered":9,"skipped":0,"pct":64.28}}
,"/Users/nehajoshi/Documents/courses/fse/cs5500-final-project-jay-neha/client/src/components/questionform.js": {"lines":{"total":37,"covered":1,"skipped":0,"pct":2.7},"functions":{"total":7,"covered":0,"skipped":0,"pct":0},"statements":{"total":38,"covered":1,"skipped":0,"pct":2.63},"branches":{"total":27,"covered":0,"skipped":0,"pct":0}}
,"/Users/nehajoshi/Documents/courses/fse/cs5500-final-project-jay-neha/client/src/components/questionlist.js": {"lines":{"total":31,"covered":21,"skipped":0,"pct":67.74},"functions":{"total":15,"covered":6,"skipped":0,"pct":40},"statements":{"total":31,"covered":21,"skipped":0,"pct":67.74},"branches":{"total":16,"covered":7,"skipped":0,"pct":43.75}}
,"/Users/nehajoshi/Documents/courses/fse/cs5500-final-project-jay-neha/client/src/components/registerpage.js": {"lines":{"total":24,"covered":2,"skipped":0,"pct":8.33},"functions":{"total":3,"covered":0,"skipped":0,"pct":0},"statements":{"total":24,"covered":2,"skipped":0,"pct":8.33},"branches":{"total":6,"covered":0,"skipped":0,"pct":0}}
,"/Users/nehajoshi/Documents/courses/fse/cs5500-final-project-jay-neha/client/src/components/sidebarnav.js": {"lines":{"total":13,"covered":11,"skipped":0,"pct":84.61},"functions":{"total":4,"covered":3,"skipped":0,"pct":75},"statements":{"total":13,"covered":11,"skipped":0,"pct":84.61},"branches":{"total":8,"covered":7,"skipped":0,"pct":87.5}}
,"/Users/nehajoshi/Documents/courses/fse/cs5500-final-project-jay-neha/client/src/components/tagspage.js": {"lines":{"total":5,"covered":3,"skipped":0,"pct":60},"functions":{"total":4,"covered":2,"skipped":0,"pct":50},"statements":{"total":5,"covered":3,"skipped":0,"pct":60},"branches":{"total":2,"covered":2,"skipped":0,"pct":100}}
,"/Users/nehajoshi/Documents/courses/fse/cs5500-final-project-jay-neha/client/src/components/welcomepage.js": {"lines":{"total":2,"covered":2,"skipped":0,"pct":100},"functions":{"total":1,"covered":1,"skipped":0,"pct":100},"statements":{"total":2,"covered":2,"skipped":0,"pct":100},"branches":{"total":0,"covered":0,"skipped":0,"pct":100}}
,"/Users/nehajoshi/Documents/courses/fse/cs5500-final-project-jay-neha/client/src/components/userprofile/editanswerform.js": {"lines":{"total":24,"covered":1,"skipped":0,"pct":4.16},"functions":{"total":4,"covered":0,"skipped":0,"pct":0},"statements":{"total":24,"covered":1,"skipped":0,"pct":4.16},"branches":{"total":13,"covered":0,"skipped":0,"pct":0}}
,"/Users/nehajoshi/Documents/courses/fse/cs5500-final-project-jay-neha/client/src/components/userprofile/editquestionform.js": {"lines":{"total":45,"covered":1,"skipped":0,"pct":2.22},"functions":{"total":8,"covered":0,"skipped":0,"pct":0},"statements":{"total":47,"covered":1,"skipped":0,"pct":2.12},"branches":{"total":27,"covered":0,"skipped":0,"pct":0}}
,"/Users/nehajoshi/Documents/courses/fse/cs5500-final-project-jay-neha/client/src/components/userprofile/edittagform.js": {"lines":{"total":18,"covered":14,"skipped":0,"pct":77.77},"functions":{"total":4,"covered":4,"skipped":0,"pct":100},"statements":{"total":18,"covered":14,"skipped":0,"pct":77.77},"branches":{"total":6,"covered":3,"skipped":0,"pct":50}}
,"/Users/nehajoshi/Documents/courses/fse/cs5500-final-project-jay-neha/client/src/components/userprofile/userprofile.js": {"lines":{"total":80,"covered":62,"skipped":0,"pct":77.5},"functions":{"total":27,"covered":15,"skipped":0,"pct":55.55},"statements":{"total":80,"covered":62,"skipped":0,"pct":77.5},"branches":{"total":18,"covered":8,"skipped":0,"pct":44.44}}
,"/Users/nehajoshi/Documents/courses/fse/cs5500-final-project-jay-neha/client/src/utils/formatdate.js": {"lines":{"total":21,"covered":10,"skipped":0,"pct":47.61},"functions":{"total":1,"covered":1,"skipped":0,"pct":100},"statements":{"total":21,"covered":10,"skipped":0,"pct":47.61},"branches":{"total":14,"covered":5,"skipped":0,"pct":35.71}}
,"/Users/nehajoshi/Documents/courses/fse/cs5500-final-project-jay-neha/client/src/utils/makeurl.js": {"lines":{"total":9,"covered":5,"skipped":0,"pct":55.55},"functions":{"total":1,"covered":1,"skipped":0,"pct":100},"statements":{"total":9,"covered":5,"skipped":0,"pct":55.55},"branches":{"total":8,"covered":3,"skipped":0,"pct":37.5}}
}
