{"/Users/nehajoshi/Documents/courses/fse/cs5500-final-project-jay-neha/client/src/App.js": {"path":"/Users/nehajoshi/Documents/courses/fse/cs5500-final-project-jay-neha/client/src/App.js","statementMap":{"0":{"start":{"line":15,"column":1},"end":{"line":32,"column":3}},"1":{"start":{"line":24,"column":31},"end":{"line":24,"column":46}}},"fnMap":{"0":{"name":"App","decl":{"start":{"line":14,"column":9},"end":{"line":14,"column":12}},"loc":{"start":{"line":14,"column":15},"end":{"line":33,"column":1}},"line":14},"1":{"name":"(anonymous_1)","decl":{"start":{"line":24,"column":25},"end":{"line":24,"column":26}},"loc":{"start":{"line":24,"column":31},"end":{"line":24,"column":46}},"line":24}},"branchMap":{},"s":{"0":12,"1":0},"f":{"0":12,"1":0},"b":{},"_coverageSchema":"1a1c01bbd47fc00a2c39e90264f33305004495a9","hash":"c2e46813c97dbec7dc3c93e914416ab19f0adee6"}
,"/Users/nehajoshi/Documents/courses/fse/cs5500-final-project-jay-neha/client/src/index.js": {"path":"/Users/nehajoshi/Documents/courses/fse/cs5500-final-project-jay-neha/client/src/index.js","statementMap":{"0":{"start":{"line":5,"column":13},"end":{"line":5,"column":65}},"1":{"start":{"line":6,"column":0},"end":{"line":10,"column":2}}},"fnMap":{},"branchMap":{},"s":{"0":4,"1":4},"f":{},"b":{},"_coverageSchema":"1a1c01bbd47fc00a2c39e90264f33305004495a9","hash":"8ffb51158176bde4089d4d0e60a57deaefa1dd51"}
,"/Users/nehajoshi/Documents/courses/fse/cs5500-final-project-jay-neha/client/src/components/AuthContext.js": {"path":"/Users/nehajoshi/Documents/courses/fse/cs5500-final-project-jay-neha/client/src/components/AuthContext.js","statementMap":{"0":{"start":{"line":6,"column":20},"end":{"line":6,"column":35}},"1":{"start":{"line":8,"column":28},"end":{"line":48,"column":1}},"2":{"start":{"line":9,"column":40},"end":{"line":9,"column":55}},"3":{"start":{"line":10,"column":32},"end":{"line":10,"column":46}},"4":{"start":{"line":13,"column":4},"end":{"line":31,"column":11}},"5":{"start":{"line":14,"column":33},"end":{"line":28,"column":9}},"6":{"start":{"line":15,"column":12},"end":{"line":27,"column":13}},"7":{"start":{"line":17,"column":33},"end":{"line":17,"column":85}},"8":{"start":{"line":18,"column":29},"end":{"line":18,"column":48}},"9":{"start":{"line":21,"column":16},"end":{"line":24,"column":17}},"10":{"start":{"line":22,"column":20},"end":{"line":22,"column":40}},"11":{"start":{"line":23,"column":20},"end":{"line":23,"column":43}},"12":{"start":{"line":26,"column":16},"end":{"line":26,"column":69}},"13":{"start":{"line":30,"column":8},"end":{"line":30,"column":27}},"14":{"start":{"line":33,"column":18},"end":{"line":36,"column":5}},"15":{"start":{"line":34,"column":8},"end":{"line":34,"column":28}},"16":{"start":{"line":35,"column":8},"end":{"line":35,"column":26}},"17":{"start":{"line":38,"column":19},"end":{"line":41,"column":5}},"18":{"start":{"line":39,"column":8},"end":{"line":39,"column":29}},"19":{"start":{"line":40,"column":8},"end":{"line":40,"column":24}},"20":{"start":{"line":43,"column":4},"end":{"line":47,"column":6}},"21":{"start":{"line":51,"column":0},"end":{"line":53,"column":2}},"22":{"start":{"line":55,"column":23},"end":{"line":55,"column":52}},"23":{"start":{"line":55,"column":29},"end":{"line":55,"column":52}}},"fnMap":{"0":{"name":"(anonymous_0)","decl":{"start":{"line":8,"column":28},"end":{"line":8,"column":29}},"loc":{"start":{"line":8,"column":46},"end":{"line":48,"column":1}},"line":8},"1":{"name":"(anonymous_1)","decl":{"start":{"line":13,"column":14},"end":{"line":13,"column":15}},"loc":{"start":{"line":13,"column":20},"end":{"line":31,"column":5}},"line":13},"2":{"name":"(anonymous_2)","decl":{"start":{"line":14,"column":33},"end":{"line":14,"column":34}},"loc":{"start":{"line":14,"column":45},"end":{"line":28,"column":9}},"line":14},"3":{"name":"(anonymous_3)","decl":{"start":{"line":33,"column":18},"end":{"line":33,"column":19}},"loc":{"start":{"line":33,"column":30},"end":{"line":36,"column":5}},"line":33},"4":{"name":"(anonymous_4)","decl":{"start":{"line":38,"column":19},"end":{"line":38,"column":20}},"loc":{"start":{"line":38,"column":25},"end":{"line":41,"column":5}},"line":38},"5":{"name":"(anonymous_5)","decl":{"start":{"line":55,"column":23},"end":{"line":55,"column":24}},"loc":{"start":{"line":55,"column":29},"end":{"line":55,"column":52}},"line":55}},"branchMap":{"0":{"loc":{"start":{"line":21,"column":16},"end":{"line":24,"column":17}},"type":"if","locations":[{"start":{"line":21,"column":16},"end":{"line":24,"column":17}},{"start":{"line":21,"column":16},"end":{"line":24,"column":17}}],"line":21},"1":{"loc":{"start":{"line":21,"column":20},"end":{"line":21,"column":50}},"type":"binary-expr","locations":[{"start":{"line":21,"column":20},"end":{"line":21,"column":35}},{"start":{"line":21,"column":39},"end":{"line":21,"column":50}}],"line":21}},"s":{"0":4,"1":4,"2":16,"3":16,"4":16,"5":8,"6":8,"7":8,"8":8,"9":8,"10":0,"11":0,"12":0,"13":8,"14":16,"15":4,"16":4,"17":16,"18":0,"19":0,"20":16,"21":4,"22":4,"23":228},"f":{"0":16,"1":8,"2":8,"3":4,"4":0,"5":228},"b":{"0":[0,8],"1":[8,0]},"_coverageSchema":"1a1c01bbd47fc00a2c39e90264f33305004495a9","hash":"a5ea28f0336c8730c0c8512a4022c7beca2c2c48"}
,"/Users/nehajoshi/Documents/courses/fse/cs5500-final-project-jay-neha/client/src/components/answerform.js": {"path":"/Users/nehajoshi/Documents/courses/fse/cs5500-final-project-jay-neha/client/src/components/answerform.js","statementMap":{"0":{"start":{"line":6,"column":29},"end":{"line":6,"column":37}},"1":{"start":{"line":7,"column":33},"end":{"line":7,"column":42}},"2":{"start":{"line":8,"column":48},"end":{"line":8,"column":60}},"3":{"start":{"line":10,"column":2},"end":{"line":14,"column":30}},"4":{"start":{"line":11,"column":4},"end":{"line":13,"column":5}},"5":{"start":{"line":12,"column":6},"end":{"line":12,"column":51}},"6":{"start":{"line":16,"column":33},"end":{"line":48,"column":3}},"7":{"start":{"line":17,"column":4},"end":{"line":17,"column":27}},"8":{"start":{"line":19,"column":21},"end":{"line":19,"column":25}},"9":{"start":{"line":21,"column":4},"end":{"line":24,"column":5}},"10":{"start":{"line":22,"column":6},"end":{"line":22,"column":25}},"11":{"start":{"line":23,"column":6},"end":{"line":23,"column":57}},"12":{"start":{"line":26,"column":22},"end":{"line":26,"column":48}},"13":{"start":{"line":27,"column":23},"end":{"line":27,"column":44}},"14":{"start":{"line":29,"column":4},"end":{"line":38,"column":5}},"15":{"start":{"line":30,"column":6},"end":{"line":37,"column":7}},"16":{"start":{"line":31,"column":22},"end":{"line":31,"column":59}},"17":{"start":{"line":32,"column":8},"end":{"line":36,"column":9}},"18":{"start":{"line":33,"column":10},"end":{"line":33,"column":29}},"19":{"start":{"line":34,"column":10},"end":{"line":34,"column":50}},"20":{"start":{"line":35,"column":10},"end":{"line":35,"column":16}},"21":{"start":{"line":40,"column":4},"end":{"line":42,"column":5}},"22":{"start":{"line":41,"column":6},"end":{"line":41,"column":25}},"23":{"start":{"line":44,"column":4},"end":{"line":47,"column":5}},"24":{"start":{"line":45,"column":6},"end":{"line":45,"column":23}},"25":{"start":{"line":46,"column":6},"end":{"line":46,"column":46}},"26":{"start":{"line":50,"column":2},"end":{"line":69,"column":4}},"27":{"start":{"line":52,"column":31},"end":{"line":52,"column":84}},"28":{"start":{"line":52,"column":85},"end":{"line":52,"column":97}},"29":{"start":{"line":60,"column":29},"end":{"line":60,"column":79}},"30":{"start":{"line":72,"column":0},"end":{"line":79,"column":2}}},"fnMap":{"0":{"name":"AnswerForm","decl":{"start":{"line":5,"column":9},"end":{"line":5,"column":19}},"loc":{"start":{"line":5,"column":63},"end":{"line":70,"column":1}},"line":5},"1":{"name":"(anonymous_1)","decl":{"start":{"line":10,"column":12},"end":{"line":10,"column":13}},"loc":{"start":{"line":10,"column":18},"end":{"line":14,"column":3}},"line":10},"2":{"name":"(anonymous_2)","decl":{"start":{"line":16,"column":33},"end":{"line":16,"column":34}},"loc":{"start":{"line":16,"column":39},"end":{"line":48,"column":3}},"line":16},"3":{"name":"(anonymous_3)","decl":{"start":{"line":52,"column":23},"end":{"line":52,"column":24}},"loc":{"start":{"line":52,"column":29},"end":{"line":52,"column":99}},"line":52},"4":{"name":"(anonymous_4)","decl":{"start":{"line":60,"column":22},"end":{"line":60,"column":23}},"loc":{"start":{"line":60,"column":29},"end":{"line":60,"column":79}},"line":60}},"branchMap":{"0":{"loc":{"start":{"line":11,"column":4},"end":{"line":13,"column":5}},"type":"if","locations":[{"start":{"line":11,"column":4},"end":{"line":13,"column":5}},{"start":{"line":11,"column":4},"end":{"line":13,"column":5}}],"line":11},"1":{"loc":{"start":{"line":21,"column":4},"end":{"line":24,"column":5}},"type":"if","locations":[{"start":{"line":21,"column":4},"end":{"line":24,"column":5}},{"start":{"line":21,"column":4},"end":{"line":24,"column":5}}],"line":21},"2":{"loc":{"start":{"line":29,"column":4},"end":{"line":38,"column":5}},"type":"if","locations":[{"start":{"line":29,"column":4},"end":{"line":38,"column":5}},{"start":{"line":29,"column":4},"end":{"line":38,"column":5}}],"line":29},"3":{"loc":{"start":{"line":32,"column":8},"end":{"line":36,"column":9}},"type":"if","locations":[{"start":{"line":32,"column":8},"end":{"line":36,"column":9}},{"start":{"line":32,"column":8},"end":{"line":36,"column":9}}],"line":32},"4":{"loc":{"start":{"line":32,"column":12},"end":{"line":32,"column":126}},"type":"binary-expr","locations":[{"start":{"line":32,"column":12},"end":{"line":32,"column":18}},{"start":{"line":32,"column":22},"end":{"line":32,"column":38}},{"start":{"line":32,"column":42},"end":{"line":32,"column":64}},{"start":{"line":32,"column":68},"end":{"line":32,"column":90}},{"start":{"line":32,"column":94},"end":{"line":32,"column":126}}],"line":32},"5":{"loc":{"start":{"line":40,"column":4},"end":{"line":42,"column":5}},"type":"if","locations":[{"start":{"line":40,"column":4},"end":{"line":42,"column":5}},{"start":{"line":40,"column":4},"end":{"line":42,"column":5}}],"line":40},"6":{"loc":{"start":{"line":40,"column":8},"end":{"line":40,"column":45}},"type":"binary-expr","locations":[{"start":{"line":40,"column":8},"end":{"line":40,"column":19}},{"start":{"line":40,"column":23},"end":{"line":40,"column":45}}],"line":40},"7":{"loc":{"start":{"line":44,"column":4},"end":{"line":47,"column":5}},"type":"if","locations":[{"start":{"line":44,"column":4},"end":{"line":47,"column":5}},{"start":{"line":44,"column":4},"end":{"line":47,"column":5}}],"line":44},"8":{"loc":{"start":{"line":52,"column":7},"end":{"line":52,"column":102}},"type":"binary-expr","locations":[{"start":{"line":52,"column":7},"end":{"line":52,"column":18}},{"start":{"line":52,"column":22},"end":{"line":52,"column":102}}],"line":52},"9":{"loc":{"start":{"line":53,"column":7},"end":{"line":67,"column":7}},"type":"binary-expr","locations":[{"start":{"line":53,"column":7},"end":{"line":53,"column":17}},{"start":{"line":54,"column":8},"end":{"line":66,"column":11}}],"line":53}},"s":{"0":0,"1":0,"2":0,"3":0,"4":0,"5":0,"6":0,"7":0,"8":0,"9":0,"10":0,"11":0,"12":0,"13":0,"14":0,"15":0,"16":0,"17":0,"18":0,"19":0,"20":0,"21":0,"22":0,"23":0,"24":0,"25":0,"26":0,"27":0,"28":0,"29":0,"30":4},"f":{"0":0,"1":0,"2":0,"3":0,"4":0},"b":{"0":[0,0],"1":[0,0],"2":[0,0],"3":[0,0],"4":[0,0,0,0,0],"5":[0,0],"6":[0,0],"7":[0,0],"8":[0,0],"9":[0,0]},"_coverageSchema":"1a1c01bbd47fc00a2c39e90264f33305004495a9","hash":"ce7fe44b2f860465aa8d0bee0ee8baf516a6b61c"}
,"/Users/nehajoshi/Documents/courses/fse/cs5500-final-project-jay-neha/client/src/components/answerlist.js": {"path":"/Users/nehajoshi/Documents/courses/fse/cs5500-final-project-jay-neha/client/src/components/answerlist.js","statementMap":{"0":{"start":{"line":6,"column":0},"end":{"line":6,"column":38}},"1":{"start":{"line":11,"column":33},"end":{"line":11,"column":42}},"2":{"start":{"line":12,"column":32},"end":{"line":12,"column":58}},"3":{"start":{"line":13,"column":26},"end":{"line":13,"column":58}},"4":{"start":{"line":14,"column":2},"end":{"line":14,"column":51}},"5":{"start":{"line":15,"column":38},"end":{"line":15,"column":49}},"6":{"start":{"line":16,"column":25},"end":{"line":16,"column":26}},"7":{"start":{"line":18,"column":2},"end":{"line":27,"column":25}},"8":{"start":{"line":20,"column":26},"end":{"line":25,"column":6}},"9":{"start":{"line":21,"column":6},"end":{"line":23,"column":7}},"10":{"start":{"line":22,"column":8},"end":{"line":22,"column":69}},"11":{"start":{"line":24,"column":6},"end":{"line":24,"column":41}},"12":{"start":{"line":26,"column":4},"end":{"line":26,"column":30}},"13":{"start":{"line":29,"column":29},"end":{"line":51,"column":3}},"14":{"start":{"line":30,"column":4},"end":{"line":50,"column":7}},"15":{"start":{"line":36,"column":6},"end":{"line":45,"column":7}},"16":{"start":{"line":37,"column":8},"end":{"line":37,"column":42}},"17":{"start":{"line":39,"column":31},"end":{"line":41,"column":9}},"18":{"start":{"line":40,"column":8},"end":{"line":40,"column":74}},"19":{"start":{"line":42,"column":8},"end":{"line":42,"column":35}},"20":{"start":{"line":49,"column":6},"end":{"line":49,"column":25}},"21":{"start":{"line":55,"column":21},"end":{"line":59,"column":3}},"22":{"start":{"line":56,"column":4},"end":{"line":58,"column":6}},"23":{"start":{"line":57,"column":6},"end":{"line":57,"column":83}},"24":{"start":{"line":61,"column":21},"end":{"line":65,"column":3}},"25":{"start":{"line":62,"column":4},"end":{"line":64,"column":6}},"26":{"start":{"line":63,"column":6},"end":{"line":63,"column":69}},"27":{"start":{"line":67,"column":25},"end":{"line":67,"column":79}},"28":{"start":{"line":68,"column":26},"end":{"line":68,"column":57}},"29":{"start":{"line":69,"column":22},"end":{"line":69,"column":38}},"30":{"start":{"line":71,"column":34},"end":{"line":87,"column":3}},"31":{"start":{"line":72,"column":4},"end":{"line":86,"column":6}},"32":{"start":{"line":89,"column":2},"end":{"line":188,"column":4}},"33":{"start":{"line":95,"column":60},"end":{"line":95,"column":104}},"34":{"start":{"line":97,"column":60},"end":{"line":97,"column":106}},"35":{"start":{"line":109,"column":52},"end":{"line":109,"column":74}},"36":{"start":{"line":140,"column":10},"end":{"line":178,"column":16}},"37":{"start":{"line":145,"column":66},"end":{"line":145,"column":106}},"38":{"start":{"line":147,"column":66},"end":{"line":147,"column":108}},"39":{"start":{"line":166,"column":39},"end":{"line":166,"column":69}},"40":{"start":{"line":192,"column":0},"end":{"line":231,"column":2}}},"fnMap":{"0":{"name":"AnswerList","decl":{"start":{"line":10,"column":9},"end":{"line":10,"column":19}},"loc":{"start":{"line":10,"column":106},"end":{"line":190,"column":3}},"line":10},"1":{"name":"(anonymous_1)","decl":{"start":{"line":18,"column":12},"end":{"line":18,"column":13}},"loc":{"start":{"line":18,"column":18},"end":{"line":27,"column":3}},"line":18},"2":{"name":"(anonymous_2)","decl":{"start":{"line":20,"column":53},"end":{"line":20,"column":54}},"loc":{"start":{"line":20,"column":63},"end":{"line":25,"column":5}},"line":20},"3":{"name":"(anonymous_3)","decl":{"start":{"line":29,"column":29},"end":{"line":29,"column":30}},"loc":{"start":{"line":29,"column":43},"end":{"line":51,"column":3}},"line":29},"4":{"name":"(anonymous_4)","decl":{"start":{"line":35,"column":10},"end":{"line":35,"column":11}},"loc":{"start":{"line":35,"column":24},"end":{"line":46,"column":5}},"line":35},"5":{"name":"(anonymous_5)","decl":{"start":{"line":39,"column":43},"end":{"line":39,"column":44}},"loc":{"start":{"line":40,"column":8},"end":{"line":40,"column":74}},"line":40},"6":{"name":"(anonymous_6)","decl":{"start":{"line":47,"column":11},"end":{"line":47,"column":12}},"loc":{"start":{"line":47,"column":22},"end":{"line":50,"column":5}},"line":47},"7":{"name":"(anonymous_7)","decl":{"start":{"line":55,"column":21},"end":{"line":55,"column":22}},"loc":{"start":{"line":55,"column":27},"end":{"line":59,"column":3}},"line":55},"8":{"name":"(anonymous_8)","decl":{"start":{"line":56,"column":18},"end":{"line":56,"column":19}},"loc":{"start":{"line":57,"column":6},"end":{"line":57,"column":83}},"line":57},"9":{"name":"(anonymous_9)","decl":{"start":{"line":61,"column":21},"end":{"line":61,"column":22}},"loc":{"start":{"line":61,"column":27},"end":{"line":65,"column":3}},"line":61},"10":{"name":"(anonymous_10)","decl":{"start":{"line":62,"column":18},"end":{"line":62,"column":19}},"loc":{"start":{"line":63,"column":6},"end":{"line":63,"column":69}},"line":63},"11":{"name":"(anonymous_11)","decl":{"start":{"line":71,"column":34},"end":{"line":71,"column":35}},"loc":{"start":{"line":71,"column":40},"end":{"line":87,"column":3}},"line":71},"12":{"name":"(anonymous_12)","decl":{"start":{"line":95,"column":54},"end":{"line":95,"column":55}},"loc":{"start":{"line":95,"column":60},"end":{"line":95,"column":104}},"line":95},"13":{"name":"(anonymous_13)","decl":{"start":{"line":97,"column":54},"end":{"line":97,"column":55}},"loc":{"start":{"line":97,"column":60},"end":{"line":97,"column":106}},"line":97},"14":{"name":"(anonymous_14)","decl":{"start":{"line":109,"column":46},"end":{"line":109,"column":47}},"loc":{"start":{"line":109,"column":52},"end":{"line":109,"column":74}},"line":109},"15":{"name":"(anonymous_15)","decl":{"start":{"line":139,"column":28},"end":{"line":139,"column":29}},"loc":{"start":{"line":140,"column":10},"end":{"line":178,"column":16}},"line":140},"16":{"name":"(anonymous_16)","decl":{"start":{"line":145,"column":60},"end":{"line":145,"column":61}},"loc":{"start":{"line":145,"column":66},"end":{"line":145,"column":106}},"line":145},"17":{"name":"(anonymous_17)","decl":{"start":{"line":147,"column":60},"end":{"line":147,"column":61}},"loc":{"start":{"line":147,"column":66},"end":{"line":147,"column":108}},"line":147},"18":{"name":"(anonymous_18)","decl":{"start":{"line":166,"column":33},"end":{"line":166,"column":34}},"loc":{"start":{"line":166,"column":39},"end":{"line":166,"column":69}},"line":166}},"branchMap":{"0":{"loc":{"start":{"line":21,"column":6},"end":{"line":23,"column":7}},"type":"if","locations":[{"start":{"line":21,"column":6},"end":{"line":23,"column":7}},{"start":{"line":21,"column":6},"end":{"line":23,"column":7}}],"line":21},"1":{"loc":{"start":{"line":36,"column":6},"end":{"line":45,"column":7}},"type":"if","locations":[{"start":{"line":36,"column":6},"end":{"line":45,"column":7}},{"start":{"line":36,"column":6},"end":{"line":45,"column":7}}],"line":36},"2":{"loc":{"start":{"line":40,"column":8},"end":{"line":40,"column":74}},"type":"cond-expr","locations":[{"start":{"line":40,"column":34},"end":{"line":40,"column":65}},{"start":{"line":40,"column":68},"end":{"line":40,"column":74}}],"line":40},"3":{"loc":{"start":{"line":57,"column":6},"end":{"line":57,"column":83}},"type":"cond-expr","locations":[{"start":{"line":57,"column":53},"end":{"line":57,"column":54}},{"start":{"line":57,"column":57},"end":{"line":57,"column":83}}],"line":57},"4":{"loc":{"start":{"line":63,"column":6},"end":{"line":63,"column":69}},"type":"cond-expr","locations":[{"start":{"line":63,"column":39},"end":{"line":63,"column":40}},{"start":{"line":63,"column":43},"end":{"line":63,"column":69}}],"line":63},"5":{"loc":{"start":{"line":73,"column":6},"end":{"line":85,"column":7}},"type":"binary-expr","locations":[{"start":{"line":73,"column":6},"end":{"line":73,"column":21}},{"start":{"line":74,"column":8},"end":{"line":84,"column":14}}],"line":73},"6":{"loc":{"start":{"line":93,"column":11},"end":{"line":103,"column":11}},"type":"cond-expr","locations":[{"start":{"line":94,"column":12},"end":{"line":98,"column":15}},{"start":{"line":100,"column":12},"end":{"line":102,"column":15}}],"line":93},"7":{"loc":{"start":{"line":143,"column":17},"end":{"line":153,"column":17}},"type":"cond-expr","locations":[{"start":{"line":144,"column":18},"end":{"line":148,"column":21}},{"start":{"line":150,"column":18},"end":{"line":152,"column":21}}],"line":143},"8":{"loc":{"start":{"line":165,"column":15},"end":{"line":167,"column":15}},"type":"binary-expr","locations":[{"start":{"line":165,"column":15},"end":{"line":165,"column":25}},{"start":{"line":165,"column":29},"end":{"line":165,"column":44}},{"start":{"line":165,"column":48},"end":{"line":165,"column":66}},{"start":{"line":166,"column":16},"end":{"line":166,"column":86}}],"line":165},"9":{"loc":{"start":{"line":182,"column":7},"end":{"line":186,"column":7}},"type":"binary-expr","locations":[{"start":{"line":182,"column":7},"end":{"line":182,"column":17}},{"start":{"line":183,"column":8},"end":{"line":185,"column":17}}],"line":182}},"s":{"0":4,"1":0,"2":0,"3":0,"4":0,"5":0,"6":0,"7":0,"8":0,"9":0,"10":0,"11":0,"12":0,"13":0,"14":0,"15":0,"16":0,"17":0,"18":0,"19":0,"20":0,"21":0,"22":0,"23":0,"24":0,"25":0,"26":0,"27":0,"28":0,"29":0,"30":0,"31":0,"32":0,"33":0,"34":0,"35":0,"36":0,"37":0,"38":0,"39":0,"40":4},"f":{"0":0,"1":0,"2":0,"3":0,"4":0,"5":0,"6":0,"7":0,"8":0,"9":0,"10":0,"11":0,"12":0,"13":0,"14":0,"15":0,"16":0,"17":0,"18":0},"b":{"0":[0,0],"1":[0,0],"2":[0,0],"3":[0,0],"4":[0,0],"5":[0,0],"6":[0,0],"7":[0,0],"8":[0,0,0,0],"9":[0,0]},"_coverageSchema":"1a1c01bbd47fc00a2c39e90264f33305004495a9","hash":"0892a646f2aa9766aa1a6325038f2bf9b782d7f4"}
,"/Users/nehajoshi/Documents/courses/fse/cs5500-final-project-jay-neha/client/src/components/commentlist.js": {"path":"/Users/nehajoshi/Documents/courses/fse/cs5500-final-project-jay-neha/client/src/components/commentlist.js","statementMap":{"0":{"start":{"line":5,"column":0},"end":{"line":5,"column":38}},"1":{"start":{"line":9,"column":40},"end":{"line":9,"column":51}},"2":{"start":{"line":10,"column":28},"end":{"line":10,"column":29}},"3":{"start":{"line":11,"column":27},"end":{"line":11,"column":36}},"4":{"start":{"line":12,"column":48},"end":{"line":12,"column":60}},"5":{"start":{"line":14,"column":23},"end":{"line":18,"column":5}},"6":{"start":{"line":15,"column":8},"end":{"line":17,"column":10}},"7":{"start":{"line":16,"column":12},"end":{"line":16,"column":92}},"8":{"start":{"line":20,"column":23},"end":{"line":24,"column":5}},"9":{"start":{"line":21,"column":8},"end":{"line":23,"column":10}},"10":{"start":{"line":22,"column":12},"end":{"line":22,"column":77}},"11":{"start":{"line":26,"column":35},"end":{"line":28,"column":5}},"12":{"start":{"line":27,"column":8},"end":{"line":27,"column":46}},"13":{"start":{"line":30,"column":38},"end":{"line":36,"column":24}},"14":{"start":{"line":31,"column":8},"end":{"line":35,"column":9}},"15":{"start":{"line":32,"column":12},"end":{"line":32,"column":35}},"16":{"start":{"line":33,"column":12},"end":{"line":33,"column":82}},"17":{"start":{"line":34,"column":12},"end":{"line":34,"column":34}},"18":{"start":{"line":38,"column":4},"end":{"line":45,"column":35}},"19":{"start":{"line":39,"column":28},"end":{"line":39,"column":64}},"20":{"start":{"line":40,"column":8},"end":{"line":40,"column":75}},"21":{"start":{"line":42,"column":8},"end":{"line":44,"column":10}},"22":{"start":{"line":43,"column":12},"end":{"line":43,"column":82}},"23":{"start":{"line":47,"column":28},"end":{"line":47,"column":84}},"24":{"start":{"line":48,"column":28},"end":{"line":48,"column":61}},"25":{"start":{"line":49,"column":24},"end":{"line":49,"column":40}},"26":{"start":{"line":51,"column":36},"end":{"line":64,"column":5}},"27":{"start":{"line":52,"column":8},"end":{"line":63,"column":10}},"28":{"start":{"line":66,"column":34},"end":{"line":80,"column":5}},"29":{"start":{"line":67,"column":8},"end":{"line":79,"column":10}},"30":{"start":{"line":82,"column":27},"end":{"line":109,"column":5}},"31":{"start":{"line":83,"column":8},"end":{"line":108,"column":10}},"32":{"start":{"line":86,"column":20},"end":{"line":105,"column":26}},"33":{"start":{"line":90,"column":82},"end":{"line":90,"column":124}},"34":{"start":{"line":111,"column":4},"end":{"line":117,"column":6}},"35":{"start":{"line":120,"column":0},"end":{"line":126,"column":2}}},"fnMap":{"0":{"name":"CommentList","decl":{"start":{"line":8,"column":9},"end":{"line":8,"column":20}},"loc":{"start":{"line":8,"column":103},"end":{"line":118,"column":1}},"line":8},"1":{"name":"(anonymous_1)","decl":{"start":{"line":14,"column":23},"end":{"line":14,"column":24}},"loc":{"start":{"line":14,"column":29},"end":{"line":18,"column":5}},"line":14},"2":{"name":"(anonymous_2)","decl":{"start":{"line":15,"column":22},"end":{"line":15,"column":23}},"loc":{"start":{"line":16,"column":12},"end":{"line":16,"column":92}},"line":16},"3":{"name":"(anonymous_3)","decl":{"start":{"line":20,"column":23},"end":{"line":20,"column":24}},"loc":{"start":{"line":20,"column":29},"end":{"line":24,"column":5}},"line":20},"4":{"name":"(anonymous_4)","decl":{"start":{"line":21,"column":22},"end":{"line":21,"column":23}},"loc":{"start":{"line":22,"column":12},"end":{"line":22,"column":77}},"line":22},"5":{"name":"(anonymous_5)","decl":{"start":{"line":26,"column":35},"end":{"line":26,"column":36}},"loc":{"start":{"line":26,"column":46},"end":{"line":28,"column":5}},"line":26},"6":{"name":"(anonymous_6)","decl":{"start":{"line":30,"column":50},"end":{"line":30,"column":51}},"loc":{"start":{"line":30,"column":61},"end":{"line":36,"column":5}},"line":30},"7":{"name":"(anonymous_7)","decl":{"start":{"line":38,"column":14},"end":{"line":38,"column":15}},"loc":{"start":{"line":38,"column":20},"end":{"line":45,"column":5}},"line":38},"8":{"name":"(anonymous_8)","decl":{"start":{"line":42,"column":15},"end":{"line":42,"column":16}},"loc":{"start":{"line":42,"column":21},"end":{"line":44,"column":9}},"line":42},"9":{"name":"(anonymous_9)","decl":{"start":{"line":51,"column":36},"end":{"line":51,"column":37}},"loc":{"start":{"line":51,"column":42},"end":{"line":64,"column":5}},"line":51},"10":{"name":"(anonymous_10)","decl":{"start":{"line":66,"column":34},"end":{"line":66,"column":35}},"loc":{"start":{"line":66,"column":40},"end":{"line":80,"column":5}},"line":66},"11":{"name":"(anonymous_11)","decl":{"start":{"line":82,"column":27},"end":{"line":82,"column":28}},"loc":{"start":{"line":82,"column":33},"end":{"line":109,"column":5}},"line":82},"12":{"name":"(anonymous_12)","decl":{"start":{"line":85,"column":37},"end":{"line":85,"column":38}},"loc":{"start":{"line":86,"column":20},"end":{"line":105,"column":26}},"line":86},"13":{"name":"(anonymous_13)","decl":{"start":{"line":90,"column":76},"end":{"line":90,"column":77}},"loc":{"start":{"line":90,"column":82},"end":{"line":90,"column":124}},"line":90}},"branchMap":{"0":{"loc":{"start":{"line":16,"column":12},"end":{"line":16,"column":92}},"type":"cond-expr","locations":[{"start":{"line":16,"column":61},"end":{"line":16,"column":62}},{"start":{"line":16,"column":65},"end":{"line":16,"column":92}}],"line":16},"1":{"loc":{"start":{"line":22,"column":12},"end":{"line":22,"column":77}},"type":"cond-expr","locations":[{"start":{"line":22,"column":46},"end":{"line":22,"column":47}},{"start":{"line":22,"column":50},"end":{"line":22,"column":77}}],"line":22},"2":{"loc":{"start":{"line":31,"column":8},"end":{"line":35,"column":9}},"type":"if","locations":[{"start":{"line":31,"column":8},"end":{"line":35,"column":9}},{"start":{"line":31,"column":8},"end":{"line":35,"column":9}}],"line":31},"3":{"loc":{"start":{"line":31,"column":12},"end":{"line":31,"column":52}},"type":"binary-expr","locations":[{"start":{"line":31,"column":12},"end":{"line":31,"column":33}},{"start":{"line":31,"column":37},"end":{"line":31,"column":52}}],"line":31},"4":{"loc":{"start":{"line":53,"column":12},"end":{"line":62,"column":13}},"type":"binary-expr","locations":[{"start":{"line":53,"column":12},"end":{"line":53,"column":27}},{"start":{"line":54,"column":16},"end":{"line":61,"column":22}}],"line":53},"5":{"loc":{"start":{"line":68,"column":12},"end":{"line":78,"column":13}},"type":"binary-expr","locations":[{"start":{"line":68,"column":12},"end":{"line":68,"column":22}},{"start":{"line":69,"column":16},"end":{"line":77,"column":22}}],"line":68},"6":{"loc":{"start":{"line":88,"column":29},"end":{"line":97,"column":29}},"type":"cond-expr","locations":[{"start":{"line":89,"column":32},"end":{"line":92,"column":35}},{"start":{"line":94,"column":32},"end":{"line":96,"column":35}}],"line":88}},"s":{"0":4,"1":0,"2":0,"3":0,"4":0,"5":0,"6":0,"7":0,"8":0,"9":0,"10":0,"11":0,"12":0,"13":0,"14":0,"15":0,"16":0,"17":0,"18":0,"19":0,"20":0,"21":0,"22":0,"23":0,"24":0,"25":0,"26":0,"27":0,"28":0,"29":0,"30":0,"31":0,"32":0,"33":0,"34":0,"35":4},"f":{"0":0,"1":0,"2":0,"3":0,"4":0,"5":0,"6":0,"7":0,"8":0,"9":0,"10":0,"11":0,"12":0,"13":0},"b":{"0":[0,0],"1":[0,0],"2":[0,0],"3":[0,0],"4":[0,0],"5":[0,0],"6":[0,0]},"_coverageSchema":"1a1c01bbd47fc00a2c39e90264f33305004495a9","hash":"c04bd2ff67f3c048023abeef6a03db233cd47c38"}
,"/Users/nehajoshi/Documents/courses/fse/cs5500-final-project-jay-neha/client/src/components/fakestackoverflow.js": {"path":"/Users/nehajoshi/Documents/courses/fse/cs5500-final-project-jay-neha/client/src/components/fakestackoverflow.js","statementMap":{"0":{"start":{"line":3,"column":0},"end":{"line":3,"column":38}},"1":{"start":{"line":11,"column":50},"end":{"line":11,"column":74}},"2":{"start":{"line":12,"column":36},"end":{"line":12,"column":48}},"3":{"start":{"line":13,"column":34},"end":{"line":13,"column":48}},"4":{"start":{"line":14,"column":32},"end":{"line":14,"column":44}},"5":{"start":{"line":15,"column":43},"end":{"line":20,"column":4}},"6":{"start":{"line":21,"column":41},"end":{"line":23,"column":4}},"7":{"start":{"line":24,"column":42},"end":{"line":24,"column":54}},"8":{"start":{"line":26,"column":2},"end":{"line":36,"column":9}},"9":{"start":{"line":27,"column":4},"end":{"line":35,"column":9}},"10":{"start":{"line":29,"column":8},"end":{"line":29,"column":31}},"11":{"start":{"line":30,"column":8},"end":{"line":30,"column":35}},"12":{"start":{"line":31,"column":8},"end":{"line":31,"column":28}},"13":{"start":{"line":34,"column":8},"end":{"line":34,"column":77}},"14":{"start":{"line":38,"column":30},"end":{"line":38,"column":56}},"15":{"start":{"line":41,"column":4},"end":{"line":70,"column":9}},"16":{"start":{"line":43,"column":8},"end":{"line":65,"column":9}},"17":{"start":{"line":44,"column":10},"end":{"line":53,"column":11}},"18":{"start":{"line":45,"column":12},"end":{"line":45,"column":35}},"19":{"start":{"line":46,"column":12},"end":{"line":48,"column":13}},"20":{"start":{"line":47,"column":14},"end":{"line":47,"column":42}},"21":{"start":{"line":49,"column":12},"end":{"line":49,"column":48}},"22":{"start":{"line":51,"column":12},"end":{"line":51,"column":34}},"23":{"start":{"line":52,"column":12},"end":{"line":52,"column":48}},"24":{"start":{"line":54,"column":15},"end":{"line":65,"column":9}},"25":{"start":{"line":55,"column":10},"end":{"line":64,"column":11}},"26":{"start":{"line":56,"column":12},"end":{"line":56,"column":33}},"27":{"start":{"line":57,"column":12},"end":{"line":57,"column":47}},"28":{"start":{"line":59,"column":12},"end":{"line":59,"column":35}},"29":{"start":{"line":60,"column":12},"end":{"line":62,"column":13}},"30":{"start":{"line":61,"column":14},"end":{"line":61,"column":42}},"31":{"start":{"line":63,"column":12},"end":{"line":63,"column":48}},"32":{"start":{"line":66,"column":8},"end":{"line":66,"column":28}},"33":{"start":{"line":69,"column":8},"end":{"line":69,"column":77}},"34":{"start":{"line":73,"column":29},"end":{"line":75,"column":3}},"35":{"start":{"line":74,"column":4},"end":{"line":74,"column":29}},"36":{"start":{"line":77,"column":33},"end":{"line":79,"column":3}},"37":{"start":{"line":78,"column":4},"end":{"line":78,"column":43}},"38":{"start":{"line":81,"column":36},"end":{"line":83,"column":3}},"39":{"start":{"line":82,"column":4},"end":{"line":82,"column":46}},"40":{"start":{"line":85,"column":31},"end":{"line":100,"column":3}},"41":{"start":{"line":86,"column":4},"end":{"line":99,"column":6}},"42":{"start":{"line":88,"column":6},"end":{"line":96,"column":8}},"43":{"start":{"line":90,"column":8},"end":{"line":90,"column":31}},"44":{"start":{"line":91,"column":8},"end":{"line":91,"column":35}},"45":{"start":{"line":92,"column":8},"end":{"line":92,"column":44}},"46":{"start":{"line":93,"column":8},"end":{"line":93,"column":28}},"47":{"start":{"line":95,"column":8},"end":{"line":95,"column":82}},"48":{"start":{"line":98,"column":6},"end":{"line":98,"column":81}},"49":{"start":{"line":102,"column":33},"end":{"line":114,"column":3}},"50":{"start":{"line":104,"column":16},"end":{"line":104,"column":84}},"51":{"start":{"line":105,"column":4},"end":{"line":105,"column":37}},"52":{"start":{"line":106,"column":4},"end":{"line":113,"column":6}},"53":{"start":{"line":108,"column":6},"end":{"line":108,"column":28}},"54":{"start":{"line":109,"column":6},"end":{"line":109,"column":42}},"55":{"start":{"line":110,"column":6},"end":{"line":110,"column":26}},"56":{"start":{"line":112,"column":6},"end":{"line":112,"column":79}},"57":{"start":{"line":116,"column":31},"end":{"line":119,"column":3}},"58":{"start":{"line":117,"column":4},"end":{"line":117,"column":39}},"59":{"start":{"line":118,"column":4},"end":{"line":118,"column":24}},"60":{"start":{"line":121,"column":35},"end":{"line":141,"column":32}},"61":{"start":{"line":122,"column":4},"end":{"line":140,"column":5}},"62":{"start":{"line":123,"column":26},"end":{"line":123,"column":62}},"63":{"start":{"line":124,"column":6},"end":{"line":139,"column":7}},"64":{"start":{"line":125,"column":29},"end":{"line":125,"column":46}},"65":{"start":{"line":126,"column":20},"end":{"line":126,"column":66}},"66":{"start":{"line":127,"column":8},"end":{"line":138,"column":13}},"67":{"start":{"line":129,"column":12},"end":{"line":129,"column":49}},"68":{"start":{"line":130,"column":12},"end":{"line":132,"column":13}},"69":{"start":{"line":131,"column":14},"end":{"line":131,"column":42}},"70":{"start":{"line":133,"column":12},"end":{"line":133,"column":48}},"71":{"start":{"line":134,"column":12},"end":{"line":134,"column":32}},"72":{"start":{"line":137,"column":12},"end":{"line":137,"column":91}},"73":{"start":{"line":143,"column":2},"end":{"line":150,"column":32}},"74":{"start":{"line":144,"column":24},"end":{"line":144,"column":60}},"75":{"start":{"line":145,"column":4},"end":{"line":145,"column":70}},"76":{"start":{"line":147,"column":4},"end":{"line":149,"column":6}},"77":{"start":{"line":148,"column":6},"end":{"line":148,"column":75}},"78":{"start":{"line":153,"column":21},"end":{"line":158,"column":5}},"79":{"start":{"line":159,"column":4},"end":{"line":166,"column":8}},"80":{"start":{"line":161,"column":8},"end":{"line":161,"column":39}},"81":{"start":{"line":162,"column":8},"end":{"line":162,"column":44}},"82":{"start":{"line":163,"column":8},"end":{"line":163,"column":28}},"83":{"start":{"line":165,"column":8},"end":{"line":165,"column":79}},"84":{"start":{"line":170,"column":24},"end":{"line":175,"column":5}},"85":{"start":{"line":176,"column":4},"end":{"line":176,"column":29}},"86":{"start":{"line":177,"column":4},"end":{"line":184,"column":8}},"87":{"start":{"line":179,"column":8},"end":{"line":179,"column":39}},"88":{"start":{"line":180,"column":8},"end":{"line":180,"column":44}},"89":{"start":{"line":181,"column":8},"end":{"line":181,"column":28}},"90":{"start":{"line":183,"column":8},"end":{"line":183,"column":82}},"91":{"start":{"line":187,"column":2},"end":{"line":229,"column":4}},"92":{"start":{"line":197,"column":40},"end":{"line":197,"column":80}},"93":{"start":{"line":198,"column":35},"end":{"line":198,"column":56}}},"fnMap":{"0":{"name":"FakeStackOverflow","decl":{"start":{"line":10,"column":24},"end":{"line":10,"column":41}},"loc":{"start":{"line":10,"column":44},"end":{"line":230,"column":1}},"line":10},"1":{"name":"(anonymous_1)","decl":{"start":{"line":26,"column":12},"end":{"line":26,"column":13}},"loc":{"start":{"line":26,"column":18},"end":{"line":36,"column":3}},"line":26},"2":{"name":"(anonymous_2)","decl":{"start":{"line":28,"column":12},"end":{"line":28,"column":13}},"loc":{"start":{"line":28,"column":21},"end":{"line":32,"column":7}},"line":28},"3":{"name":"(anonymous_3)","decl":{"start":{"line":33,"column":13},"end":{"line":33,"column":14}},"loc":{"start":{"line":33,"column":24},"end":{"line":35,"column":7}},"line":33},"4":{"name":"handleContent","decl":{"start":{"line":40,"column":11},"end":{"line":40,"column":24}},"loc":{"start":{"line":40,"column":42},"end":{"line":71,"column":3}},"line":40},"5":{"name":"(anonymous_5)","decl":{"start":{"line":42,"column":12},"end":{"line":42,"column":13}},"loc":{"start":{"line":42,"column":21},"end":{"line":67,"column":7}},"line":42},"6":{"name":"(anonymous_6)","decl":{"start":{"line":68,"column":13},"end":{"line":68,"column":14}},"loc":{"start":{"line":68,"column":24},"end":{"line":70,"column":7}},"line":68},"7":{"name":"(anonymous_7)","decl":{"start":{"line":73,"column":29},"end":{"line":73,"column":30}},"loc":{"start":{"line":73,"column":42},"end":{"line":75,"column":3}},"line":73},"8":{"name":"(anonymous_8)","decl":{"start":{"line":77,"column":33},"end":{"line":77,"column":34}},"loc":{"start":{"line":77,"column":39},"end":{"line":79,"column":3}},"line":77},"9":{"name":"(anonymous_9)","decl":{"start":{"line":81,"column":36},"end":{"line":81,"column":37}},"loc":{"start":{"line":81,"column":42},"end":{"line":83,"column":3}},"line":81},"10":{"name":"(anonymous_10)","decl":{"start":{"line":85,"column":31},"end":{"line":85,"column":32}},"loc":{"start":{"line":85,"column":43},"end":{"line":100,"column":3}},"line":85},"11":{"name":"(anonymous_11)","decl":{"start":{"line":87,"column":10},"end":{"line":87,"column":11}},"loc":{"start":{"line":87,"column":22},"end":{"line":97,"column":5}},"line":87},"12":{"name":"(anonymous_12)","decl":{"start":{"line":89,"column":12},"end":{"line":89,"column":13}},"loc":{"start":{"line":89,"column":19},"end":{"line":94,"column":7}},"line":89},"13":{"name":"(anonymous_13)","decl":{"start":{"line":94,"column":15},"end":{"line":94,"column":16}},"loc":{"start":{"line":94,"column":26},"end":{"line":96,"column":7}},"line":94},"14":{"name":"(anonymous_14)","decl":{"start":{"line":97,"column":13},"end":{"line":97,"column":14}},"loc":{"start":{"line":97,"column":24},"end":{"line":99,"column":5}},"line":97},"15":{"name":"(anonymous_15)","decl":{"start":{"line":102,"column":33},"end":{"line":102,"column":34}},"loc":{"start":{"line":102,"column":45},"end":{"line":114,"column":3}},"line":102},"16":{"name":"(anonymous_16)","decl":{"start":{"line":107,"column":10},"end":{"line":107,"column":11}},"loc":{"start":{"line":107,"column":19},"end":{"line":111,"column":5}},"line":107},"17":{"name":"(anonymous_17)","decl":{"start":{"line":111,"column":13},"end":{"line":111,"column":14}},"loc":{"start":{"line":111,"column":24},"end":{"line":113,"column":5}},"line":111},"18":{"name":"(anonymous_18)","decl":{"start":{"line":116,"column":31},"end":{"line":116,"column":32}},"loc":{"start":{"line":116,"column":37},"end":{"line":119,"column":3}},"line":116},"19":{"name":"(anonymous_19)","decl":{"start":{"line":121,"column":47},"end":{"line":121,"column":48}},"loc":{"start":{"line":121,"column":58},"end":{"line":141,"column":3}},"line":121},"20":{"name":"(anonymous_20)","decl":{"start":{"line":128,"column":16},"end":{"line":128,"column":17}},"loc":{"start":{"line":128,"column":25},"end":{"line":135,"column":11}},"line":128},"21":{"name":"(anonymous_21)","decl":{"start":{"line":136,"column":17},"end":{"line":136,"column":18}},"loc":{"start":{"line":136,"column":28},"end":{"line":138,"column":11}},"line":136},"22":{"name":"(anonymous_22)","decl":{"start":{"line":143,"column":12},"end":{"line":143,"column":13}},"loc":{"start":{"line":143,"column":18},"end":{"line":150,"column":3}},"line":143},"23":{"name":"(anonymous_23)","decl":{"start":{"line":147,"column":11},"end":{"line":147,"column":12}},"loc":{"start":{"line":147,"column":17},"end":{"line":149,"column":5}},"line":147},"24":{"name":"handleVote","decl":{"start":{"line":152,"column":17},"end":{"line":152,"column":27}},"loc":{"start":{"line":152,"column":60},"end":{"line":167,"column":3}},"line":152},"25":{"name":"(anonymous_25)","decl":{"start":{"line":160,"column":12},"end":{"line":160,"column":13}},"loc":{"start":{"line":160,"column":21},"end":{"line":164,"column":7}},"line":160},"26":{"name":"(anonymous_26)","decl":{"start":{"line":164,"column":15},"end":{"line":164,"column":16}},"loc":{"start":{"line":164,"column":26},"end":{"line":166,"column":7}},"line":164},"27":{"name":"handleCommentSubmit","decl":{"start":{"line":169,"column":17},"end":{"line":169,"column":36}},"loc":{"start":{"line":169,"column":72},"end":{"line":185,"column":3}},"line":169},"28":{"name":"(anonymous_28)","decl":{"start":{"line":178,"column":12},"end":{"line":178,"column":13}},"loc":{"start":{"line":178,"column":21},"end":{"line":182,"column":7}},"line":178},"29":{"name":"(anonymous_29)","decl":{"start":{"line":182,"column":16},"end":{"line":182,"column":17}},"loc":{"start":{"line":182,"column":27},"end":{"line":184,"column":7}},"line":182},"30":{"name":"(anonymous_30)","decl":{"start":{"line":197,"column":34},"end":{"line":197,"column":35}},"loc":{"start":{"line":197,"column":40},"end":{"line":197,"column":80}},"line":197},"31":{"name":"(anonymous_31)","decl":{"start":{"line":198,"column":29},"end":{"line":198,"column":30}},"loc":{"start":{"line":198,"column":35},"end":{"line":198,"column":56}},"line":198}},"branchMap":{"0":{"loc":{"start":{"line":43,"column":8},"end":{"line":65,"column":9}},"type":"if","locations":[{"start":{"line":43,"column":8},"end":{"line":65,"column":9}},{"start":{"line":43,"column":8},"end":{"line":65,"column":9}}],"line":43},"1":{"loc":{"start":{"line":44,"column":10},"end":{"line":53,"column":11}},"type":"if","locations":[{"start":{"line":44,"column":10},"end":{"line":53,"column":11}},{"start":{"line":44,"column":10},"end":{"line":53,"column":11}}],"line":44},"2":{"loc":{"start":{"line":46,"column":12},"end":{"line":48,"column":13}},"type":"if","locations":[{"start":{"line":46,"column":12},"end":{"line":48,"column":13}},{"start":{"line":46,"column":12},"end":{"line":48,"column":13}}],"line":46},"3":{"loc":{"start":{"line":54,"column":15},"end":{"line":65,"column":9}},"type":"if","locations":[{"start":{"line":54,"column":15},"end":{"line":65,"column":9}},{"start":{"line":54,"column":15},"end":{"line":65,"column":9}}],"line":54},"4":{"loc":{"start":{"line":55,"column":10},"end":{"line":64,"column":11}},"type":"if","locations":[{"start":{"line":55,"column":10},"end":{"line":64,"column":11}},{"start":{"line":55,"column":10},"end":{"line":64,"column":11}}],"line":55},"5":{"loc":{"start":{"line":60,"column":12},"end":{"line":62,"column":13}},"type":"if","locations":[{"start":{"line":60,"column":12},"end":{"line":62,"column":13}},{"start":{"line":60,"column":12},"end":{"line":62,"column":13}}],"line":60},"6":{"loc":{"start":{"line":122,"column":4},"end":{"line":140,"column":5}},"type":"if","locations":[{"start":{"line":122,"column":4},"end":{"line":140,"column":5}},{"start":{"line":122,"column":4},"end":{"line":140,"column":5}}],"line":122},"7":{"loc":{"start":{"line":124,"column":6},"end":{"line":139,"column":7}},"type":"if","locations":[{"start":{"line":124,"column":6},"end":{"line":139,"column":7}},{"start":{"line":124,"column":6},"end":{"line":139,"column":7}}],"line":124},"8":{"loc":{"start":{"line":130,"column":12},"end":{"line":132,"column":13}},"type":"if","locations":[{"start":{"line":130,"column":12},"end":{"line":132,"column":13}},{"start":{"line":130,"column":12},"end":{"line":132,"column":13}}],"line":130},"9":{"loc":{"start":{"line":203,"column":11},"end":{"line":203,"column":70}},"type":"binary-expr","locations":[{"start":{"line":203,"column":11},"end":{"line":203,"column":23}},{"start":{"line":203,"column":27},"end":{"line":203,"column":70}}],"line":203}},"s":{"0":4,"1":38,"2":38,"3":38,"4":38,"5":38,"6":38,"7":38,"8":38,"9":8,"10":8,"11":8,"12":8,"13":0,"14":38,"15":1,"16":1,"17":0,"18":0,"19":0,"20":0,"21":0,"22":0,"23":0,"24":1,"25":1,"26":1,"27":1,"28":0,"29":0,"30":0,"31":0,"32":1,"33":0,"34":38,"35":2,"36":38,"37":0,"38":38,"39":0,"40":38,"41":0,"42":0,"43":0,"44":0,"45":0,"46":0,"47":0,"48":0,"49":38,"50":0,"51":0,"52":0,"53":0,"54":0,"55":0,"56":0,"57":38,"58":4,"59":4,"60":38,"61":0,"62":0,"63":0,"64":0,"65":0,"66":0,"67":0,"68":0,"69":0,"70":0,"71":0,"72":0,"73":38,"74":12,"75":12,"76":12,"77":8,"78":0,"79":0,"80":0,"81":0,"82":0,"83":0,"84":0,"85":0,"86":0,"87":0,"88":0,"89":0,"90":0,"91":38,"92":0,"93":1},"f":{"0":38,"1":8,"2":8,"3":0,"4":1,"5":1,"6":0,"7":2,"8":0,"9":0,"10":0,"11":0,"12":0,"13":0,"14":0,"15":0,"16":0,"17":0,"18":4,"19":0,"20":0,"21":0,"22":12,"23":8,"24":0,"25":0,"26":0,"27":0,"28":0,"29":0,"30":0,"31":1},"b":{"0":[0,1],"1":[0,0],"2":[0,0],"3":[1,0],"4":[1,0],"5":[0,0],"6":[0,0],"7":[0,0],"8":[0,0],"9":[38,4]},"_coverageSchema":"1a1c01bbd47fc00a2c39e90264f33305004495a9","hash":"2bb6593e3f2f169cf4691d1426cd169bea4a7aa6"}
,"/Users/nehajoshi/Documents/courses/fse/cs5500-final-project-jay-neha/client/src/components/headercontent.js": {"path":"/Users/nehajoshi/Documents/courses/fse/cs5500-final-project-jay-neha/client/src/components/headercontent.js","statementMap":{"0":{"start":{"line":8,"column":33},"end":{"line":8,"column":42}},"1":{"start":{"line":9,"column":19},"end":{"line":9,"column":32}},"2":{"start":{"line":11,"column":23},"end":{"line":20,"column":3}},"3":{"start":{"line":12,"column":4},"end":{"line":19,"column":5}},"4":{"start":{"line":13,"column":23},"end":{"line":13,"column":71}},"5":{"start":{"line":14,"column":6},"end":{"line":14,"column":55}},"6":{"start":{"line":15,"column":6},"end":{"line":15,"column":15}},"7":{"start":{"line":16,"column":6},"end":{"line":16,"column":20}},"8":{"start":{"line":18,"column":6},"end":{"line":18,"column":65}},"9":{"start":{"line":22,"column":2},"end":{"line":40,"column":4}}},"fnMap":{"0":{"name":"HeaderContent","decl":{"start":{"line":6,"column":16},"end":{"line":6,"column":29}},"loc":{"start":{"line":6,"column":32},"end":{"line":41,"column":1}},"line":6},"1":{"name":"(anonymous_1)","decl":{"start":{"line":11,"column":23},"end":{"line":11,"column":24}},"loc":{"start":{"line":11,"column":35},"end":{"line":20,"column":3}},"line":11}},"branchMap":{"0":{"loc":{"start":{"line":28,"column":7},"end":{"line":34,"column":7}},"type":"binary-expr","locations":[{"start":{"line":28,"column":7},"end":{"line":28,"column":17}},{"start":{"line":29,"column":8},"end":{"line":33,"column":14}}],"line":28}},"s":{"0":38,"1":38,"2":38,"3":0,"4":0,"5":0,"6":0,"7":0,"8":0,"9":38},"f":{"0":38,"1":0},"b":{"0":[38,38]},"_coverageSchema":"1a1c01bbd47fc00a2c39e90264f33305004495a9","hash":"4df8ca2ce457ccfec42e1242ba0979b895498265"}
,"/Users/nehajoshi/Documents/courses/fse/cs5500-final-project-jay-neha/client/src/components/hyperlinkrenderer.js": {"path":"/Users/nehajoshi/Documents/courses/fse/cs5500-final-project-jay-neha/client/src/components/hyperlinkrenderer.js","statementMap":{"0":{"start":{"line":6,"column":20},"end":{"line":6,"column":46}},"1":{"start":{"line":9,"column":16},"end":{"line":9,"column":37}},"2":{"start":{"line":10,"column":19},"end":{"line":10,"column":21}},"3":{"start":{"line":13,"column":2},"end":{"line":26,"column":3}},"4":{"start":{"line":13,"column":15},"end":{"line":13,"column":16}},"5":{"start":{"line":14,"column":4},"end":{"line":25,"column":5}},"6":{"start":{"line":16,"column":6},"end":{"line":16,"column":30}},"7":{"start":{"line":17,"column":11},"end":{"line":25,"column":5}},"8":{"start":{"line":19,"column":19},"end":{"line":19,"column":27}},"9":{"start":{"line":20,"column":6},"end":{"line":24,"column":8}},"10":{"start":{"line":28,"column":2},"end":{"line":28,"column":18}},"11":{"start":{"line":32,"column":2},"end":{"line":32,"column":46}},"12":{"start":{"line":35,"column":0},"end":{"line":37,"column":2}}},"fnMap":{"0":{"name":"renderLinksInText","decl":{"start":{"line":4,"column":9},"end":{"line":4,"column":26}},"loc":{"start":{"line":4,"column":33},"end":{"line":29,"column":1}},"line":4},"1":{"name":"HyperlinkRenderer","decl":{"start":{"line":31,"column":9},"end":{"line":31,"column":26}},"loc":{"start":{"line":31,"column":37},"end":{"line":33,"column":1}},"line":31}},"branchMap":{"0":{"loc":{"start":{"line":14,"column":4},"end":{"line":25,"column":5}},"type":"if","locations":[{"start":{"line":14,"column":4},"end":{"line":25,"column":5}},{"start":{"line":14,"column":4},"end":{"line":25,"column":5}}],"line":14},"1":{"loc":{"start":{"line":17,"column":11},"end":{"line":25,"column":5}},"type":"if","locations":[{"start":{"line":17,"column":11},"end":{"line":25,"column":5}},{"start":{"line":17,"column":11},"end":{"line":25,"column":5}}],"line":17}},"s":{"0":0,"1":0,"2":0,"3":0,"4":0,"5":0,"6":0,"7":0,"8":0,"9":0,"10":0,"11":0,"12":4},"f":{"0":0,"1":0},"b":{"0":[0,0],"1":[0,0]},"_coverageSchema":"1a1c01bbd47fc00a2c39e90264f33305004495a9","hash":"520c8f49c29be07f708a037798315acfdb8a2c12"}
,"/Users/nehajoshi/Documents/courses/fse/cs5500-final-project-jay-neha/client/src/components/loginpage.js": {"path":"/Users/nehajoshi/Documents/courses/fse/cs5500-final-project-jay-neha/client/src/components/loginpage.js","statementMap":{"0":{"start":{"line":3,"column":0},"end":{"line":3,"column":38}},"1":{"start":{"line":8,"column":18},"end":{"line":76,"column":1}},"2":{"start":{"line":9,"column":34},"end":{"line":12,"column":4}},"3":{"start":{"line":14,"column":32},"end":{"line":14,"column":41}},"4":{"start":{"line":15,"column":28},"end":{"line":15,"column":40}},"5":{"start":{"line":16,"column":19},"end":{"line":16,"column":32}},"6":{"start":{"line":18,"column":23},"end":{"line":21,"column":3}},"7":{"start":{"line":19,"column":28},"end":{"line":19,"column":36}},"8":{"start":{"line":20,"column":4},"end":{"line":20,"column":48}},"9":{"start":{"line":23,"column":22},"end":{"line":42,"column":3}},"10":{"start":{"line":24,"column":4},"end":{"line":24,"column":23}},"11":{"start":{"line":25,"column":4},"end":{"line":41,"column":5}},"12":{"start":{"line":26,"column":23},"end":{"line":29,"column":8}},"13":{"start":{"line":31,"column":6},"end":{"line":31,"column":34}},"14":{"start":{"line":32,"column":6},"end":{"line":35,"column":9}},"15":{"start":{"line":36,"column":6},"end":{"line":36,"column":19}},"16":{"start":{"line":37,"column":6},"end":{"line":37,"column":24}},"17":{"start":{"line":39,"column":6},"end":{"line":39,"column":64}},"18":{"start":{"line":40,"column":6},"end":{"line":40,"column":79}},"19":{"start":{"line":44,"column":2},"end":{"line":75,"column":3}},"20":{"start":{"line":45,"column":2},"end":{"line":74,"column":4}}},"fnMap":{"0":{"name":"(anonymous_0)","decl":{"start":{"line":8,"column":18},"end":{"line":8,"column":19}},"loc":{"start":{"line":8,"column":24},"end":{"line":76,"column":1}},"line":8},"1":{"name":"(anonymous_1)","decl":{"start":{"line":18,"column":23},"end":{"line":18,"column":24}},"loc":{"start":{"line":18,"column":30},"end":{"line":21,"column":3}},"line":18},"2":{"name":"(anonymous_2)","decl":{"start":{"line":23,"column":22},"end":{"line":23,"column":23}},"loc":{"start":{"line":23,"column":35},"end":{"line":42,"column":3}},"line":23}},"branchMap":{"0":{"loc":{"start":{"line":40,"column":15},"end":{"line":40,"column":77}},"type":"binary-expr","locations":[{"start":{"line":40,"column":15},"end":{"line":40,"column":40}},{"start":{"line":40,"column":44},"end":{"line":40,"column":77}}],"line":40},"1":{"loc":{"start":{"line":44,"column":2},"end":{"line":75,"column":3}},"type":"if","locations":[{"start":{"line":44,"column":2},"end":{"line":75,"column":3}},{"start":{"line":44,"column":2},"end":{"line":75,"column":3}}],"line":44},"2":{"loc":{"start":{"line":71,"column":9},"end":{"line":71,"column":58}},"type":"binary-expr","locations":[{"start":{"line":71,"column":9},"end":{"line":71,"column":14}},{"start":{"line":71,"column":18},"end":{"line":71,"column":58}}],"line":71}},"s":{"0":4,"1":4,"2":96,"3":96,"4":96,"5":96,"6":96,"7":44,"8":44,"9":96,"10":4,"11":4,"12":4,"13":4,"14":4,"15":4,"16":4,"17":0,"18":0,"19":96,"20":96},"f":{"0":96,"1":44,"2":4},"b":{"0":[0,0],"1":[96,0],"2":[96,0]},"_coverageSchema":"1a1c01bbd47fc00a2c39e90264f33305004495a9","hash":"9b164201e77967a2b416a7e4d7bc67d5d11de119"}
,"/Users/nehajoshi/Documents/courses/fse/cs5500-final-project-jay-neha/client/src/components/maincontent.js": {"path":"/Users/nehajoshi/Documents/courses/fse/cs5500-final-project-jay-neha/client/src/components/maincontent.js","statementMap":{"0":{"start":{"line":33,"column":2},"end":{"line":85,"column":3}},"1":{"start":{"line":34,"column":4},"end":{"line":42,"column":6}},"2":{"start":{"line":43,"column":9},"end":{"line":85,"column":3}},"3":{"start":{"line":44,"column":4},"end":{"line":52,"column":6}},"4":{"start":{"line":53,"column":9},"end":{"line":85,"column":3}},"5":{"start":{"line":54,"column":4},"end":{"line":60,"column":6}},"6":{"start":{"line":61,"column":9},"end":{"line":85,"column":3}},"7":{"start":{"line":62,"column":4},"end":{"line":68,"column":5}},"8":{"start":{"line":69,"column":9},"end":{"line":85,"column":3}},"9":{"start":{"line":70,"column":4},"end":{"line":76,"column":5}},"10":{"start":{"line":77,"column":9},"end":{"line":85,"column":3}},"11":{"start":{"line":78,"column":4},"end":{"line":78,"column":24}},"12":{"start":{"line":79,"column":9},"end":{"line":85,"column":3}},"13":{"start":{"line":80,"column":4},"end":{"line":80,"column":60}},"14":{"start":{"line":84,"column":4},"end":{"line":84,"column":16}},"15":{"start":{"line":88,"column":0},"end":{"line":108,"column":2}}},"fnMap":{"0":{"name":"MainContent","decl":{"start":{"line":11,"column":9},"end":{"line":11,"column":20}},"loc":{"start":{"line":31,"column":3},"end":{"line":86,"column":1}},"line":31}},"branchMap":{"0":{"loc":{"start":{"line":33,"column":2},"end":{"line":85,"column":3}},"type":"if","locations":[{"start":{"line":33,"column":2},"end":{"line":85,"column":3}},{"start":{"line":33,"column":2},"end":{"line":85,"column":3}}],"line":33},"1":{"loc":{"start":{"line":43,"column":9},"end":{"line":85,"column":3}},"type":"if","locations":[{"start":{"line":43,"column":9},"end":{"line":85,"column":3}},{"start":{"line":43,"column":9},"end":{"line":85,"column":3}}],"line":43},"2":{"loc":{"start":{"line":53,"column":9},"end":{"line":85,"column":3}},"type":"if","locations":[{"start":{"line":53,"column":9},"end":{"line":85,"column":3}},{"start":{"line":53,"column":9},"end":{"line":85,"column":3}}],"line":53},"3":{"loc":{"start":{"line":61,"column":9},"end":{"line":85,"column":3}},"type":"if","locations":[{"start":{"line":61,"column":9},"end":{"line":85,"column":3}},{"start":{"line":61,"column":9},"end":{"line":85,"column":3}}],"line":61},"4":{"loc":{"start":{"line":69,"column":9},"end":{"line":85,"column":3}},"type":"if","locations":[{"start":{"line":69,"column":9},"end":{"line":85,"column":3}},{"start":{"line":69,"column":9},"end":{"line":85,"column":3}}],"line":69},"5":{"loc":{"start":{"line":77,"column":9},"end":{"line":85,"column":3}},"type":"if","locations":[{"start":{"line":77,"column":9},"end":{"line":85,"column":3}},{"start":{"line":77,"column":9},"end":{"line":85,"column":3}}],"line":77},"6":{"loc":{"start":{"line":79,"column":9},"end":{"line":85,"column":3}},"type":"if","locations":[{"start":{"line":79,"column":9},"end":{"line":85,"column":3}},{"start":{"line":79,"column":9},"end":{"line":85,"column":3}}],"line":79}},"s":{"0":38,"1":22,"2":16,"3":0,"4":16,"5":2,"6":14,"7":0,"8":14,"9":0,"10":14,"11":0,"12":14,"13":14,"14":0,"15":4},"f":{"0":38},"b":{"0":[22,16],"1":[0,16],"2":[2,14],"3":[0,14],"4":[0,14],"5":[0,14],"6":[14,0]},"_coverageSchema":"1a1c01bbd47fc00a2c39e90264f33305004495a9","hash":"8926089a160c6e51eb35701da7d7dd48a02283da"}
,"/Users/nehajoshi/Documents/courses/fse/cs5500-final-project-jay-neha/client/src/components/questionform.js": {"path":"/Users/nehajoshi/Documents/courses/fse/cs5500-final-project-jay-neha/client/src/components/questionform.js","statementMap":{"0":{"start":{"line":6,"column":34},"end":{"line":6,"column":42}},"1":{"start":{"line":7,"column":35},"end":{"line":7,"column":44}},"2":{"start":{"line":8,"column":28},"end":{"line":8,"column":42}},"3":{"start":{"line":9,"column":38},"end":{"line":9,"column":50}},"4":{"start":{"line":11,"column":4},"end":{"line":15,"column":29}},"5":{"start":{"line":12,"column":6},"end":{"line":14,"column":7}},"6":{"start":{"line":13,"column":8},"end":{"line":13,"column":30}},"7":{"start":{"line":17,"column":29},"end":{"line":57,"column":5}},"8":{"start":{"line":18,"column":23},"end":{"line":18,"column":27}},"9":{"start":{"line":19,"column":25},"end":{"line":19,"column":27}},"10":{"start":{"line":21,"column":6},"end":{"line":24,"column":7}},"11":{"start":{"line":22,"column":8},"end":{"line":22,"column":27}},"12":{"start":{"line":23,"column":8},"end":{"line":23,"column":89}},"13":{"start":{"line":26,"column":6},"end":{"line":29,"column":7}},"14":{"start":{"line":27,"column":8},"end":{"line":27,"column":27}},"15":{"start":{"line":28,"column":8},"end":{"line":28,"column":61}},"16":{"start":{"line":31,"column":24},"end":{"line":31,"column":50}},"17":{"start":{"line":32,"column":25},"end":{"line":32,"column":46}},"18":{"start":{"line":34,"column":6},"end":{"line":43,"column":7}},"19":{"start":{"line":35,"column":8},"end":{"line":42,"column":9}},"20":{"start":{"line":36,"column":24},"end":{"line":36,"column":61}},"21":{"start":{"line":37,"column":10},"end":{"line":41,"column":11}},"22":{"start":{"line":38,"column":12},"end":{"line":38,"column":31}},"23":{"start":{"line":39,"column":12},"end":{"line":39,"column":130}},"24":{"start":{"line":40,"column":12},"end":{"line":40,"column":18}},"25":{"start":{"line":45,"column":23},"end":{"line":45,"column":38}},"26":{"start":{"line":47,"column":6},"end":{"line":50,"column":7}},"27":{"start":{"line":47,"column":54},"end":{"line":47,"column":69}},"28":{"start":{"line":48,"column":8},"end":{"line":48,"column":27}},"29":{"start":{"line":49,"column":8},"end":{"line":49,"column":118}},"30":{"start":{"line":52,"column":6},"end":{"line":56,"column":7}},"31":{"start":{"line":53,"column":8},"end":{"line":53,"column":27}},"32":{"start":{"line":55,"column":8},"end":{"line":55,"column":35}},"33":{"start":{"line":59,"column":2},"end":{"line":96,"column":4}},"34":{"start":{"line":68,"column":29},"end":{"line":68,"column":80}},"35":{"start":{"line":76,"column":29},"end":{"line":76,"column":79}},"36":{"start":{"line":85,"column":29},"end":{"line":85,"column":79}},"37":{"start":{"line":99,"column":0},"end":{"line":108,"column":2}}},"fnMap":{"0":{"name":"QuestionForm","decl":{"start":{"line":5,"column":9},"end":{"line":5,"column":21}},"loc":{"start":{"line":5,"column":67},"end":{"line":97,"column":1}},"line":5},"1":{"name":"(anonymous_1)","decl":{"start":{"line":11,"column":14},"end":{"line":11,"column":15}},"loc":{"start":{"line":11,"column":20},"end":{"line":15,"column":5}},"line":11},"2":{"name":"(anonymous_2)","decl":{"start":{"line":17,"column":29},"end":{"line":17,"column":30}},"loc":{"start":{"line":17,"column":35},"end":{"line":57,"column":5}},"line":17},"3":{"name":"(anonymous_3)","decl":{"start":{"line":47,"column":47},"end":{"line":47,"column":48}},"loc":{"start":{"line":47,"column":54},"end":{"line":47,"column":69}},"line":47},"4":{"name":"(anonymous_4)","decl":{"start":{"line":68,"column":22},"end":{"line":68,"column":23}},"loc":{"start":{"line":68,"column":29},"end":{"line":68,"column":80}},"line":68},"5":{"name":"(anonymous_5)","decl":{"start":{"line":76,"column":22},"end":{"line":76,"column":23}},"loc":{"start":{"line":76,"column":29},"end":{"line":76,"column":79}},"line":76},"6":{"name":"(anonymous_6)","decl":{"start":{"line":85,"column":22},"end":{"line":85,"column":23}},"loc":{"start":{"line":85,"column":29},"end":{"line":85,"column":79}},"line":85}},"branchMap":{"0":{"loc":{"start":{"line":12,"column":6},"end":{"line":14,"column":7}},"type":"if","locations":[{"start":{"line":12,"column":6},"end":{"line":14,"column":7}},{"start":{"line":12,"column":6},"end":{"line":14,"column":7}}],"line":12},"1":{"loc":{"start":{"line":21,"column":6},"end":{"line":24,"column":7}},"type":"if","locations":[{"start":{"line":21,"column":6},"end":{"line":24,"column":7}},{"start":{"line":21,"column":6},"end":{"line":24,"column":7}}],"line":21},"2":{"loc":{"start":{"line":21,"column":10},"end":{"line":21,"column":57}},"type":"binary-expr","locations":[{"start":{"line":21,"column":10},"end":{"line":21,"column":35}},{"start":{"line":21,"column":39},"end":{"line":21,"column":57}}],"line":21},"3":{"loc":{"start":{"line":26,"column":6},"end":{"line":29,"column":7}},"type":"if","locations":[{"start":{"line":26,"column":6},"end":{"line":29,"column":7}},{"start":{"line":26,"column":6},"end":{"line":29,"column":7}}],"line":26},"4":{"loc":{"start":{"line":34,"column":6},"end":{"line":43,"column":7}},"type":"if","locations":[{"start":{"line":34,"column":6},"end":{"line":43,"column":7}},{"start":{"line":34,"column":6},"end":{"line":43,"column":7}}],"line":34},"5":{"loc":{"start":{"line":37,"column":10},"end":{"line":41,"column":11}},"type":"if","locations":[{"start":{"line":37,"column":10},"end":{"line":41,"column":11}},{"start":{"line":37,"column":10},"end":{"line":41,"column":11}}],"line":37},"6":{"loc":{"start":{"line":37,"column":14},"end":{"line":37,"column":128}},"type":"binary-expr","locations":[{"start":{"line":37,"column":14},"end":{"line":37,"column":20}},{"start":{"line":37,"column":24},"end":{"line":37,"column":40}},{"start":{"line":37,"column":44},"end":{"line":37,"column":66}},{"start":{"line":37,"column":70},"end":{"line":37,"column":92}},{"start":{"line":37,"column":96},"end":{"line":37,"column":128}}],"line":37},"7":{"loc":{"start":{"line":47,"column":6},"end":{"line":50,"column":7}},"type":"if","locations":[{"start":{"line":47,"column":6},"end":{"line":50,"column":7}},{"start":{"line":47,"column":6},"end":{"line":50,"column":7}}],"line":47},"8":{"loc":{"start":{"line":47,"column":10},"end":{"line":47,"column":70}},"type":"binary-expr","locations":[{"start":{"line":47,"column":10},"end":{"line":47,"column":29}},{"start":{"line":47,"column":33},"end":{"line":47,"column":70}}],"line":47},"9":{"loc":{"start":{"line":52,"column":6},"end":{"line":56,"column":7}},"type":"if","locations":[{"start":{"line":52,"column":6},"end":{"line":56,"column":7}},{"start":{"line":52,"column":6},"end":{"line":56,"column":7}}],"line":52},"10":{"loc":{"start":{"line":61,"column":7},"end":{"line":94,"column":7}},"type":"cond-expr","locations":[{"start":{"line":62,"column":8},"end":{"line":91,"column":14}},{"start":{"line":93,"column":8},"end":{"line":93,"column":60}}],"line":61},"11":{"loc":{"start":{"line":90,"column":11},"end":{"line":90,"column":67}},"type":"binary-expr","locations":[{"start":{"line":90,"column":11},"end":{"line":90,"column":20}},{"start":{"line":90,"column":24},"end":{"line":90,"column":67}}],"line":90}},"s":{"0":0,"1":0,"2":0,"3":0,"4":0,"5":0,"6":0,"7":0,"8":0,"9":0,"10":0,"11":0,"12":0,"13":0,"14":0,"15":0,"16":0,"17":0,"18":0,"19":0,"20":0,"21":0,"22":0,"23":0,"24":0,"25":0,"26":0,"27":0,"28":0,"29":0,"30":0,"31":0,"32":0,"33":0,"34":0,"35":0,"36":0,"37":4},"f":{"0":0,"1":0,"2":0,"3":0,"4":0,"5":0,"6":0},"b":{"0":[0,0],"1":[0,0],"2":[0,0],"3":[0,0],"4":[0,0],"5":[0,0],"6":[0,0,0,0,0],"7":[0,0],"8":[0,0],"9":[0,0],"10":[0,0],"11":[0,0]},"_coverageSchema":"1a1c01bbd47fc00a2c39e90264f33305004495a9","hash":"7a500617473709d496d17418ad8953cdcba1dbac"}
,"/Users/nehajoshi/Documents/courses/fse/cs5500-final-project-jay-neha/client/src/components/questionlist.js": {"path":"/Users/nehajoshi/Documents/courses/fse/cs5500-final-project-jay-neha/client/src/components/questionlist.js","statementMap":{"0":{"start":{"line":12,"column":38},"end":{"line":12,"column":49}},"1":{"start":{"line":13,"column":27},"end":{"line":13,"column":28}},"2":{"start":{"line":15,"column":21},"end":{"line":19,"column":3}},"3":{"start":{"line":16,"column":4},"end":{"line":18,"column":6}},"4":{"start":{"line":17,"column":6},"end":{"line":17,"column":89}},"5":{"start":{"line":21,"column":21},"end":{"line":25,"column":3}},"6":{"start":{"line":22,"column":4},"end":{"line":24,"column":6}},"7":{"start":{"line":23,"column":6},"end":{"line":23,"column":73}},"8":{"start":{"line":27,"column":27},"end":{"line":27,"column":85}},"9":{"start":{"line":28,"column":26},"end":{"line":28,"column":61}},"10":{"start":{"line":29,"column":22},"end":{"line":29,"column":38}},"11":{"start":{"line":31,"column":30},"end":{"line":33,"column":3}},"12":{"start":{"line":32,"column":4},"end":{"line":32,"column":49}},"13":{"start":{"line":35,"column":34},"end":{"line":37,"column":3}},"14":{"start":{"line":36,"column":4},"end":{"line":36,"column":49}},"15":{"start":{"line":39,"column":36},"end":{"line":41,"column":3}},"16":{"start":{"line":40,"column":4},"end":{"line":40,"column":53}},"17":{"start":{"line":43,"column":23},"end":{"line":48,"column":3}},"18":{"start":{"line":44,"column":6},"end":{"line":46,"column":7}},"19":{"start":{"line":45,"column":8},"end":{"line":45,"column":52}},"20":{"start":{"line":47,"column":6},"end":{"line":47,"column":18}},"21":{"start":{"line":50,"column":34},"end":{"line":66,"column":3}},"22":{"start":{"line":51,"column":4},"end":{"line":65,"column":6}},"23":{"start":{"line":68,"column":26},"end":{"line":105,"column":3}},"24":{"start":{"line":69,"column":4},"end":{"line":104,"column":6}},"25":{"start":{"line":72,"column":10},"end":{"line":101,"column":16}},"26":{"start":{"line":76,"column":27},"end":{"line":76,"column":69}},"27":{"start":{"line":91,"column":18},"end":{"line":93,"column":24}},"28":{"start":{"line":107,"column":2},"end":{"line":143,"column":4}},"29":{"start":{"line":120,"column":33},"end":{"line":120,"column":78}},"30":{"start":{"line":146,"column":0},"end":{"line":152,"column":2}}},"fnMap":{"0":{"name":"QuestionList","decl":{"start":{"line":5,"column":16},"end":{"line":5,"column":28}},"loc":{"start":{"line":11,"column":3},"end":{"line":144,"column":1}},"line":11},"1":{"name":"(anonymous_1)","decl":{"start":{"line":15,"column":21},"end":{"line":15,"column":22}},"loc":{"start":{"line":15,"column":27},"end":{"line":19,"column":3}},"line":15},"2":{"name":"(anonymous_2)","decl":{"start":{"line":16,"column":18},"end":{"line":16,"column":19}},"loc":{"start":{"line":17,"column":6},"end":{"line":17,"column":89}},"line":17},"3":{"name":"(anonymous_3)","decl":{"start":{"line":21,"column":21},"end":{"line":21,"column":22}},"loc":{"start":{"line":21,"column":27},"end":{"line":25,"column":3}},"line":21},"4":{"name":"(anonymous_4)","decl":{"start":{"line":22,"column":18},"end":{"line":22,"column":19}},"loc":{"start":{"line":23,"column":6},"end":{"line":23,"column":73}},"line":23},"5":{"name":"(anonymous_5)","decl":{"start":{"line":31,"column":30},"end":{"line":31,"column":31}},"loc":{"start":{"line":31,"column":36},"end":{"line":33,"column":3}},"line":31},"6":{"name":"(anonymous_6)","decl":{"start":{"line":35,"column":34},"end":{"line":35,"column":35}},"loc":{"start":{"line":35,"column":40},"end":{"line":37,"column":3}},"line":35},"7":{"name":"(anonymous_7)","decl":{"start":{"line":39,"column":36},"end":{"line":39,"column":37}},"loc":{"start":{"line":39,"column":42},"end":{"line":41,"column":3}},"line":39},"8":{"name":"(anonymous_8)","decl":{"start":{"line":43,"column":23},"end":{"line":43,"column":24}},"loc":{"start":{"line":43,"column":44},"end":{"line":48,"column":3}},"line":43},"9":{"name":"(anonymous_9)","decl":{"start":{"line":50,"column":34},"end":{"line":50,"column":35}},"loc":{"start":{"line":50,"column":40},"end":{"line":66,"column":3}},"line":50},"10":{"name":"(anonymous_10)","decl":{"start":{"line":68,"column":26},"end":{"line":68,"column":27}},"loc":{"start":{"line":68,"column":32},"end":{"line":105,"column":3}},"line":68},"11":{"name":"(anonymous_11)","decl":{"start":{"line":71,"column":30},"end":{"line":71,"column":31}},"loc":{"start":{"line":72,"column":10},"end":{"line":101,"column":16}},"line":72},"12":{"name":"(anonymous_12)","decl":{"start":{"line":76,"column":21},"end":{"line":76,"column":22}},"loc":{"start":{"line":76,"column":27},"end":{"line":76,"column":69}},"line":76},"13":{"name":"(anonymous_13)","decl":{"start":{"line":90,"column":35},"end":{"line":90,"column":36}},"loc":{"start":{"line":91,"column":18},"end":{"line":93,"column":24}},"line":91},"14":{"name":"(anonymous_14)","decl":{"start":{"line":120,"column":27},"end":{"line":120,"column":28}},"loc":{"start":{"line":120,"column":33},"end":{"line":120,"column":78}},"line":120}},"branchMap":{"0":{"loc":{"start":{"line":17,"column":6},"end":{"line":17,"column":89}},"type":"cond-expr","locations":[{"start":{"line":17,"column":57},"end":{"line":17,"column":58}},{"start":{"line":17,"column":61},"end":{"line":17,"column":89}}],"line":17},"1":{"loc":{"start":{"line":23,"column":6},"end":{"line":23,"column":73}},"type":"cond-expr","locations":[{"start":{"line":23,"column":41},"end":{"line":23,"column":42}},{"start":{"line":23,"column":45},"end":{"line":23,"column":73}}],"line":23},"2":{"loc":{"start":{"line":44,"column":6},"end":{"line":46,"column":7}},"type":"if","locations":[{"start":{"line":44,"column":6},"end":{"line":46,"column":7}},{"start":{"line":44,"column":6},"end":{"line":46,"column":7}}],"line":44},"3":{"loc":{"start":{"line":52,"column":6},"end":{"line":64,"column":7}},"type":"binary-expr","locations":[{"start":{"line":52,"column":6},"end":{"line":52,"column":21}},{"start":{"line":53,"column":8},"end":{"line":63,"column":14}}],"line":52},"4":{"loc":{"start":{"line":112,"column":13},"end":{"line":118,"column":47}},"type":"cond-expr","locations":[{"start":{"line":113,"column":16},"end":{"line":113,"column":36}},{"start":{"line":114,"column":16},"end":{"line":118,"column":47}}],"line":112},"5":{"loc":{"start":{"line":114,"column":16},"end":{"line":118,"column":47}},"type":"cond-expr","locations":[{"start":{"line":115,"column":16},"end":{"line":115,"column":31}},{"start":{"line":116,"column":16},"end":{"line":118,"column":47}}],"line":114},"6":{"loc":{"start":{"line":116,"column":16},"end":{"line":118,"column":47}},"type":"cond-expr","locations":[{"start":{"line":117,"column":16},"end":{"line":117,"column":28}},{"start":{"line":118,"column":16},"end":{"line":118,"column":47}}],"line":116},"7":{"loc":{"start":{"line":129,"column":13},"end":{"line":129,"column":84}},"type":"cond-expr","locations":[{"start":{"line":129,"column":38},"end":{"line":129,"column":50}},{"start":{"line":129,"column":53},"end":{"line":129,"column":84}}],"line":129}},"s":{"0":22,"1":22,"2":22,"3":0,"4":0,"5":22,"6":0,"7":0,"8":22,"9":22,"10":22,"11":22,"12":0,"13":22,"14":0,"15":22,"16":0,"17":22,"18":70,"19":70,"20":0,"21":22,"22":22,"23":22,"24":22,"25":70,"26":0,"27":182,"28":22,"29":0,"30":4},"f":{"0":22,"1":0,"2":0,"3":0,"4":0,"5":0,"6":0,"7":0,"8":70,"9":22,"10":22,"11":70,"12":0,"13":182,"14":0},"b":{"0":[0,0],"1":[0,0],"2":[70,0],"3":[22,14],"4":[8,14],"5":[14,0],"6":[0,0],"7":[0,22]},"_coverageSchema":"1a1c01bbd47fc00a2c39e90264f33305004495a9","hash":"643f6c4333c37f4b2ef1e8750d3db5bcc00bddfb"}
,"/Users/nehajoshi/Documents/courses/fse/cs5500-final-project-jay-neha/client/src/components/registerpage.js": {"path":"/Users/nehajoshi/Documents/courses/fse/cs5500-final-project-jay-neha/client/src/components/registerpage.js","statementMap":{"0":{"start":{"line":3,"column":0},"end":{"line":3,"column":38}},"1":{"start":{"line":7,"column":21},"end":{"line":103,"column":1}},"2":{"start":{"line":8,"column":34},"end":{"line":13,"column":4}},"3":{"start":{"line":15,"column":28},"end":{"line":15,"column":40}},"4":{"start":{"line":16,"column":38},"end":{"line":16,"column":53}},"5":{"start":{"line":17,"column":19},"end":{"line":17,"column":32}},"6":{"start":{"line":19,"column":23},"end":{"line":22,"column":3}},"7":{"start":{"line":20,"column":28},"end":{"line":20,"column":36}},"8":{"start":{"line":21,"column":4},"end":{"line":21,"column":48}},"9":{"start":{"line":24,"column":23},"end":{"line":47,"column":3}},"10":{"start":{"line":25,"column":4},"end":{"line":25,"column":23}},"11":{"start":{"line":27,"column":4},"end":{"line":30,"column":5}},"12":{"start":{"line":28,"column":6},"end":{"line":28,"column":41}},"13":{"start":{"line":29,"column":6},"end":{"line":29,"column":13}},"14":{"start":{"line":32,"column":4},"end":{"line":46,"column":5}},"15":{"start":{"line":33,"column":23},"end":{"line":38,"column":8}},"16":{"start":{"line":40,"column":6},"end":{"line":40,"column":66}},"17":{"start":{"line":41,"column":6},"end":{"line":41,"column":26}},"18":{"start":{"line":42,"column":6},"end":{"line":42,"column":19}},"19":{"start":{"line":44,"column":6},"end":{"line":44,"column":68}},"20":{"start":{"line":45,"column":6},"end":{"line":45,"column":42}},"21":{"start":{"line":49,"column":2},"end":{"line":51,"column":3}},"22":{"start":{"line":50,"column":4},"end":{"line":50,"column":23}},"23":{"start":{"line":53,"column":2},"end":{"line":102,"column":4}}},"fnMap":{"0":{"name":"(anonymous_0)","decl":{"start":{"line":7,"column":21},"end":{"line":7,"column":22}},"loc":{"start":{"line":7,"column":27},"end":{"line":103,"column":1}},"line":7},"1":{"name":"(anonymous_1)","decl":{"start":{"line":19,"column":23},"end":{"line":19,"column":24}},"loc":{"start":{"line":19,"column":30},"end":{"line":22,"column":3}},"line":19},"2":{"name":"(anonymous_2)","decl":{"start":{"line":24,"column":23},"end":{"line":24,"column":24}},"loc":{"start":{"line":24,"column":36},"end":{"line":47,"column":3}},"line":24}},"branchMap":{"0":{"loc":{"start":{"line":27,"column":4},"end":{"line":30,"column":5}},"type":"if","locations":[{"start":{"line":27,"column":4},"end":{"line":30,"column":5}},{"start":{"line":27,"column":4},"end":{"line":30,"column":5}}],"line":27},"1":{"loc":{"start":{"line":49,"column":2},"end":{"line":51,"column":3}},"type":"if","locations":[{"start":{"line":49,"column":2},"end":{"line":51,"column":3}},{"start":{"line":49,"column":2},"end":{"line":51,"column":3}}],"line":49},"2":{"loc":{"start":{"line":98,"column":9},"end":{"line":98,"column":57}},"type":"binary-expr","locations":[{"start":{"line":98,"column":9},"end":{"line":98,"column":14}},{"start":{"line":98,"column":18},"end":{"line":98,"column":57}}],"line":98}},"s":{"0":4,"1":4,"2":0,"3":0,"4":0,"5":0,"6":0,"7":0,"8":0,"9":0,"10":0,"11":0,"12":0,"13":0,"14":0,"15":0,"16":0,"17":0,"18":0,"19":0,"20":0,"21":0,"22":0,"23":0},"f":{"0":0,"1":0,"2":0},"b":{"0":[0,0],"1":[0,0],"2":[0,0]},"_coverageSchema":"1a1c01bbd47fc00a2c39e90264f33305004495a9","hash":"3cf71f1d894f217794078bb827ce644e2433019f"}
,"/Users/nehajoshi/Documents/courses/fse/cs5500-final-project-jay-neha/client/src/components/sidebarnav.js": {"path":"/Users/nehajoshi/Documents/courses/fse/cs5500-final-project-jay-neha/client/src/components/sidebarnav.js","statementMap":{"0":{"start":{"line":6,"column":42},"end":{"line":6,"column":56}},"1":{"start":{"line":7,"column":25},"end":{"line":7,"column":34}},"2":{"start":{"line":9,"column":35},"end":{"line":12,"column":3}},"3":{"start":{"line":10,"column":4},"end":{"line":10,"column":33}},"4":{"start":{"line":11,"column":4},"end":{"line":11,"column":52}},"5":{"start":{"line":14,"column":30},"end":{"line":17,"column":3}},"6":{"start":{"line":15,"column":4},"end":{"line":15,"column":28}},"7":{"start":{"line":16,"column":4},"end":{"line":16,"column":28}},"8":{"start":{"line":19,"column":37},"end":{"line":22,"column":3}},"9":{"start":{"line":20,"column":4},"end":{"line":20,"column":35}},"10":{"start":{"line":21,"column":4},"end":{"line":21,"column":29}},"11":{"start":{"line":24,"column":2},"end":{"line":57,"column":4}},"12":{"start":{"line":60,"column":0},"end":{"line":64,"column":2}}},"fnMap":{"0":{"name":"SideBarNav","decl":{"start":{"line":5,"column":16},"end":{"line":5,"column":26}},"loc":{"start":{"line":5,"column":94},"end":{"line":58,"column":1}},"line":5},"1":{"name":"(anonymous_1)","decl":{"start":{"line":9,"column":35},"end":{"line":9,"column":36}},"loc":{"start":{"line":9,"column":41},"end":{"line":12,"column":3}},"line":9},"2":{"name":"(anonymous_2)","decl":{"start":{"line":14,"column":30},"end":{"line":14,"column":31}},"loc":{"start":{"line":14,"column":36},"end":{"line":17,"column":3}},"line":14},"3":{"name":"(anonymous_3)","decl":{"start":{"line":19,"column":37},"end":{"line":19,"column":38}},"loc":{"start":{"line":19,"column":43},"end":{"line":22,"column":3}},"line":19}},"branchMap":{"0":{"loc":{"start":{"line":30,"column":21},"end":{"line":30,"column":65}},"type":"cond-expr","locations":[{"start":{"line":30,"column":52},"end":{"line":30,"column":60}},{"start":{"line":30,"column":63},"end":{"line":30,"column":65}}],"line":30},"1":{"loc":{"start":{"line":39,"column":21},"end":{"line":39,"column":60}},"type":"cond-expr","locations":[{"start":{"line":39,"column":47},"end":{"line":39,"column":55}},{"start":{"line":39,"column":58},"end":{"line":39,"column":60}}],"line":39},"2":{"loc":{"start":{"line":44,"column":7},"end":{"line":54,"column":7}},"type":"binary-expr","locations":[{"start":{"line":44,"column":7},"end":{"line":44,"column":17}},{"start":{"line":45,"column":8},"end":{"line":53,"column":14}}],"line":44},"3":{"loc":{"start":{"line":49,"column":23},"end":{"line":49,"column":69}},"type":"cond-expr","locations":[{"start":{"line":49,"column":56},"end":{"line":49,"column":64}},{"start":{"line":49,"column":67},"end":{"line":49,"column":69}}],"line":49}},"s":{"0":40,"1":40,"2":40,"3":0,"4":0,"5":40,"6":1,"7":1,"8":40,"9":4,"10":4,"11":40,"12":4},"f":{"0":40,"1":0,"2":1,"3":4},"b":{"0":[0,40],"1":[4,36],"2":[40,40],"3":[14,26]},"_coverageSchema":"1a1c01bbd47fc00a2c39e90264f33305004495a9","hash":"ab5007c79148569297b2841d05e724c7e9d21be1"}
,"/Users/nehajoshi/Documents/courses/fse/cs5500-final-project-jay-neha/client/src/components/tagspage.js": {"path":"/Users/nehajoshi/Documents/courses/fse/cs5500-final-project-jay-neha/client/src/components/tagspage.js","statementMap":{"0":{"start":{"line":6,"column":4},"end":{"line":38,"column":6}},"1":{"start":{"line":18,"column":43},"end":{"line":18,"column":65}},"2":{"start":{"line":23,"column":24},"end":{"line":33,"column":30}},"3":{"start":{"line":24,"column":51},"end":{"line":24,"column":78}},"4":{"start":{"line":41,"column":0},"end":{"line":45,"column":2}}},"fnMap":{"0":{"name":"TagsPage","decl":{"start":{"line":4,"column":16},"end":{"line":4,"column":24}},"loc":{"start":{"line":4,"column":67},"end":{"line":39,"column":1}},"line":4},"1":{"name":"(anonymous_1)","decl":{"start":{"line":18,"column":37},"end":{"line":18,"column":38}},"loc":{"start":{"line":18,"column":43},"end":{"line":18,"column":65}},"line":18},"2":{"name":"(anonymous_2)","decl":{"start":{"line":22,"column":30},"end":{"line":22,"column":31}},"loc":{"start":{"line":23,"column":24},"end":{"line":33,"column":30}},"line":23},"3":{"name":"(anonymous_3)","decl":{"start":{"line":24,"column":45},"end":{"line":24,"column":46}},"loc":{"start":{"line":24,"column":51},"end":{"line":24,"column":78}},"line":24}},"branchMap":{"0":{"loc":{"start":{"line":29,"column":33},"end":{"line":31,"column":66}},"type":"cond-expr","locations":[{"start":{"line":30,"column":34},"end":{"line":30,"column":65}},{"start":{"line":31,"column":34},"end":{"line":31,"column":66}}],"line":29}},"s":{"0":2,"1":0,"2":38,"3":0,"4":4},"f":{"0":2,"1":0,"2":38,"3":0},"b":{"0":[10,28]},"_coverageSchema":"1a1c01bbd47fc00a2c39e90264f33305004495a9","hash":"ec4be6626bbd4f5490ff30fe2a5a05bc3f814af3"}
[...]
hi/Documents/courses/fse/cs5500-final-project-jay-neha/client/src/components/userprofile/userprofile.js": {"path":"/Users/nehajoshi/Documents/courses/fse/cs5500-final-project-jay-neha/client/src/components/userprofile/userprofile.js","statementMap":{"0":{"start":{"line":10,"column":21},"end":{"line":10,"column":30}},"1":{"start":{"line":11,"column":26},"end":{"line":11,"column":38}},"2":{"start":{"line":12,"column":38},"end":{"line":12,"column":50}},"3":{"start":{"line":13,"column":40},"end":{"line":13,"column":52}},"4":{"start":{"line":14,"column":36},"end":{"line":14,"column":48}},"5":{"start":{"line":15,"column":30},"end":{"line":15,"column":42}},"6":{"start":{"line":16,"column":38},"end":{"line":16,"column":49}},"7":{"start":{"line":17,"column":38},"end":{"line":17,"column":49}},"8":{"start":{"line":18,"column":27},"end":{"line":18,"column":28}},"9":{"start":{"line":19,"column":46},"end":{"line":19,"column":60}},"10":{"start":{"line":20,"column":50},"end":{"line":20,"column":64}},"11":{"start":{"line":22,"column":24},"end":{"line":38,"column":3}},"12":{"start":{"line":23,"column":6},"end":{"line":37,"column":7}},"13":{"start":{"line":24,"column":20},"end":{"line":24,"column":59}},"14":{"start":{"line":25,"column":25},"end":{"line":25,"column":45}},"15":{"start":{"line":26,"column":8},"end":{"line":26,"column":36}},"16":{"start":{"line":27,"column":8},"end":{"line":27,"column":55}},"17":{"start":{"line":28,"column":8},"end":{"line":28,"column":51}},"18":{"start":{"line":29,"column":8},"end":{"line":29,"column":45}},"19":{"start":{"line":31,"column":28},"end":{"line":31,"column":67}},"20":{"start":{"line":32,"column":28},"end":{"line":32,"column":38}},"21":{"start":{"line":33,"column":31},"end":{"line":33,"column":94}},"22":{"start":{"line":34,"column":8},"end":{"line":34,"column":38}},"23":{"start":{"line":36,"column":8},"end":{"line":36,"column":82}},"24":{"start":{"line":41,"column":2},"end":{"line":43,"column":15}},"25":{"start":{"line":42,"column":4},"end":{"line":42,"column":20}},"26":{"start":{"line":45,"column":25},"end":{"line":47,"column":3}},"27":{"start":{"line":46,"column":4},"end":{"line":46,"column":24}},"28":{"start":{"line":49,"column":21},"end":{"line":53,"column":3}},"29":{"start":{"line":50,"column":4},"end":{"line":52,"column":6}},"30":{"start":{"line":51,"column":6},"end":{"line":51,"column":89}},"31":{"start":{"line":55,"column":21},"end":{"line":59,"column":3}},"32":{"start":{"line":56,"column":4},"end":{"line":58,"column":6}},"33":{"start":{"line":57,"column":6},"end":{"line":57,"column":73}},"34":{"start":{"line":61,"column":26},"end":{"line":64,"column":3}},"35":{"start":{"line":62,"column":4},"end":{"line":62,"column":30}},"36":{"start":{"line":63,"column":4},"end":{"line":63,"column":38}},"37":{"start":{"line":66,"column":28},"end":{"line":69,"column":3}},"38":{"start":{"line":67,"column":4},"end":{"line":67,"column":32}},"39":{"start":{"line":68,"column":4},"end":{"line":68,"column":40}},"40":{"start":{"line":71,"column":23},"end":{"line":74,"column":3}},"41":{"start":{"line":72,"column":4},"end":{"line":72,"column":27}},"42":{"start":{"line":73,"column":4},"end":{"line":73,"column":35}},"43":{"start":{"line":76,"column":27},"end":{"line":76,"column":85}},"44":{"start":{"line":77,"column":26},"end":{"line":77,"column":61}},"45":{"start":{"line":78,"column":22},"end":{"line":78,"column":38}},"46":{"start":{"line":80,"column":34},"end":{"line":96,"column":3}},"47":{"start":{"line":81,"column":4},"end":{"line":95,"column":6}},"48":{"start":{"line":98,"column":29},"end":{"line":107,"column":4}},"49":{"start":{"line":99,"column":4},"end":{"line":106,"column":10}},"50":{"start":{"line":103,"column":23},"end":{"line":103,"column":50}},"51":{"start":{"line":109,"column":23},"end":{"line":118,"column":3}},"52":{"start":{"line":110,"column":4},"end":{"line":117,"column":7}},"53":{"start":{"line":112,"column":6},"end":{"line":112,"column":22}},"54":{"start":{"line":113,"column":6},"end":{"line":113,"column":37}},"55":{"start":{"line":115,"column":6},"end":{"line":115,"column":25}},"56":{"start":{"line":116,"column":6},"end":{"line":116,"column":84}},"57":{"start":{"line":120,"column":21},"end":{"line":129,"column":3}},"58":{"start":{"line":121,"column":4},"end":{"line":128,"column":7}},"59":{"start":{"line":123,"column":6},"end":{"line":123,"column":22}},"60":{"start":{"line":124,"column":6},"end":{"line":124,"column":37}},"61":{"start":{"line":126,"column":6},"end":{"line":126,"column":25}},"62":{"start":{"line":127,"column":6},"end":{"line":127,"column":83}},"63":{"start":{"line":131,"column":27},"end":{"line":140,"column":4}},"64":{"start":{"line":132,"column":4},"end":{"line":139,"column":10}},"65":{"start":{"line":136,"column":23},"end":{"line":136,"column":46}},"66":{"start":{"line":142,"column":24},"end":{"line":148,"column":4}},"67":{"start":{"line":143,"column":4},"end":{"line":147,"column":10}},"68":{"start":{"line":144,"column":29},"end":{"line":144,"column":46}},"69":{"start":{"line":150,"column":2},"end":{"line":228,"column":3}},"70":{"start":{"line":151,"column":4},"end":{"line":157,"column":5}},"71":{"start":{"line":158,"column":9},"end":{"line":228,"column":3}},"72":{"start":{"line":159,"column":4},"end":{"line":165,"column":5}},"73":{"start":{"line":166,"column":9},"end":{"line":228,"column":3}},"74":{"start":{"line":167,"column":4},"end":{"line":173,"column":5}},"75":{"start":{"line":175,"column":4},"end":{"line":227,"column":5}},"76":{"start":{"line":189,"column":37},"end":{"line":189,"column":64}},"77":{"start":{"line":194,"column":37},"end":{"line":194,"column":62}},"78":{"start":{"line":199,"column":37},"end":{"line":199,"column":59}},"79":{"start":{"line":231,"column":0},"end":{"line":233,"column":2}}},"fnMap":{"0":{"name":"UserProfile","decl":{"start":{"line":9,"column":9},"end":{"line":9,"column":20}},"loc":{"start":{"line":9,"column":43},"end":{"line":229,"column":1}},"line":9},"1":{"name":"(anonymous_1)","decl":{"start":{"line":22,"column":24},"end":{"line":22,"column":25}},"loc":{"start":{"line":22,"column":36},"end":{"line":38,"column":3}},"line":22},"2":{"name":"(anonymous_2)","decl":{"start":{"line":41,"column":12},"end":{"line":41,"column":13}},"loc":{"start":{"line":41,"column":18},"end":{"line":43,"column":3}},"line":41},"3":{"name":"(anonymous_3)","decl":{"start":{"line":45,"column":25},"end":{"line":45,"column":26}},"loc":{"start":{"line":45,"column":35},"end":{"line":47,"column":3}},"line":45},"4":{"name":"(anonymous_4)","decl":{"start":{"line":49,"column":21},"end":{"line":49,"column":22}},"loc":{"start":{"line":49,"column":27},"end":{"line":53,"column":3}},"line":49},"5":{"name":"(anonymous_5)","decl":{"start":{"line":50,"column":18},"end":{"line":50,"column":19}},"loc":{"start":{"line":51,"column":6},"end":{"line":51,"column":89}},"line":51},"6":{"name":"(anonymous_6)","decl":{"start":{"line":55,"column":21},"end":{"line":55,"column":22}},"loc":{"start":{"line":55,"column":27},"end":{"line":59,"column":3}},"line":55},"7":{"name":"(anonymous_7)","decl":{"start":{"line":56,"column":18},"end":{"line":56,"column":19}},"loc":{"start":{"line":57,"column":6},"end":{"line":57,"column":73}},"line":57},"8":{"name":"(anonymous_8)","decl":{"start":{"line":61,"column":26},"end":{"line":61,"column":27}},"loc":{"start":{"line":61,"column":38},"end":{"line":64,"column":3}},"line":61},"9":{"name":"(anonymous_9)","decl":{"start":{"line":66,"column":28},"end":{"line":66,"column":29}},"loc":{"start":{"line":66,"column":42},"end":{"line":69,"column":3}},"line":66},"10":{"name":"(anonymous_10)","decl":{"start":{"line":71,"column":23},"end":{"line":71,"column":24}},"loc":{"start":{"line":71,"column":32},"end":{"line":74,"column":3}},"line":71},"11":{"name":"(anonymous_11)","decl":{"start":{"line":80,"column":34},"end":{"line":80,"column":35}},"loc":{"start":{"line":80,"column":40},"end":{"line":96,"column":3}},"line":80},"12":{"name":"(anonymous_12)","decl":{"start":{"line":98,"column":50},"end":{"line":98,"column":51}},"loc":{"start":{"line":99,"column":4},"end":{"line":106,"column":10}},"line":99},"13":{"name":"(anonymous_13)","decl":{"start":{"line":103,"column":17},"end":{"line":103,"column":18}},"loc":{"start":{"line":103,"column":23},"end":{"line":103,"column":50}},"line":103},"14":{"name":"(anonymous_14)","decl":{"start":{"line":109,"column":23},"end":{"line":109,"column":24}},"loc":{"start":{"line":109,"column":55},"end":{"line":118,"column":3}},"line":109},"15":{"name":"(anonymous_15)","decl":{"start":{"line":111,"column":10},"end":{"line":111,"column":11}},"loc":{"start":{"line":111,"column":16},"end":{"line":114,"column":5}},"line":111},"16":{"name":"(anonymous_16)","decl":{"start":{"line":114,"column":13},"end":{"line":114,"column":14}},"loc":{"start":{"line":114,"column":23},"end":{"line":117,"column":5}},"line":114},"17":{"name":"(anonymous_17)","decl":{"start":{"line":120,"column":21},"end":{"line":120,"column":22}},"loc":{"start":{"line":120,"column":63},"end":{"line":129,"column":3}},"line":120},"18":{"name":"(anonymous_18)","decl":{"start":{"line":122,"column":10},"end":{"line":122,"column":11}},"loc":{"start":{"line":122,"column":16},"end":{"line":125,"column":5}},"line":122},"19":{"name":"(anonymous_19)","decl":{"start":{"line":125,"column":13},"end":{"line":125,"column":14}},"loc":{"start":{"line":125,"column":23},"end":{"line":128,"column":5}},"line":125},"20":{"name":"(anonymous_20)","decl":{"start":{"line":131,"column":39},"end":{"line":131,"column":40}},"loc":{"start":{"line":132,"column":4},"end":{"line":139,"column":10}},"line":132},"21":{"name":"(anonymous_21)","decl":{"start":{"line":136,"column":17},"end":{"line":136,"column":18}},"loc":{"start":{"line":136,"column":23},"end":{"line":136,"column":46}},"line":136},"22":{"name":"(anonymous_22)","decl":{"start":{"line":142,"column":33},"end":{"line":142,"column":34}},"loc":{"start":{"line":143,"column":4},"end":{"line":147,"column":10}},"line":143},"23":{"name":"(anonymous_23)","decl":{"start":{"line":144,"column":23},"end":{"line":144,"column":24}},"loc":{"start":{"line":144,"column":29},"end":{"line":144,"column":46}},"line":144},"24":{"name":"(anonymous_24)","decl":{"start":{"line":189,"column":31},"end":{"line":189,"column":32}},"loc":{"start":{"line":189,"column":37},"end":{"line":189,"column":64}},"line":189},"25":{"name":"(anonymous_25)","decl":{"start":{"line":194,"column":31},"end":{"line":194,"column":32}},"loc":{"start":{"line":194,"column":37},"end":{"line":194,"column":62}},"line":194},"26":{"name":"(anonymous_26)","decl":{"start":{"line":199,"column":31},"end":{"line":199,"column":32}},"loc":{"start":{"line":199,"column":37},"end":{"line":199,"column":59}},"line":199}},"branchMap":{"0":{"loc":{"start":{"line":51,"column":6},"end":{"line":51,"column":89}},"type":"cond-expr","locations":[{"start":{"line":51,"column":57},"end":{"line":51,"column":58}},{"start":{"line":51,"column":61},"end":{"line":51,"column":89}}],"line":51},"1":{"loc":{"start":{"line":57,"column":6},"end":{"line":57,"column":73}},"type":"cond-expr","locations":[{"start":{"line":57,"column":41},"end":{"line":57,"column":42}},{"start":{"line":57,"column":45},"end":{"line":57,"column":73}}],"line":57},"2":{"loc":{"start":{"line":82,"column":6},"end":{"line":94,"column":7}},"type":"binary-expr","locations":[{"start":{"line":82,"column":6},"end":{"line":82,"column":21}},{"start":{"line":83,"column":8},"end":{"line":93,"column":14}}],"line":82},"3":{"loc":{"start":{"line":150,"column":2},"end":{"line":228,"column":3}},"type":"if","locations":[{"start":{"line":150,"column":2},"end":{"line":228,"column":3}},{"start":{"line":150,"column":2},"end":{"line":228,"column":3}}],"line":150},"4":{"loc":{"start":{"line":158,"column":9},"end":{"line":228,"column":3}},"type":"if","locations":[{"start":{"line":158,"column":9},"end":{"line":228,"column":3}},{"start":{"line":158,"column":9},"end":{"line":228,"column":3}}],"line":158},"5":{"loc":{"start":{"line":166,"column":9},"end":{"line":228,"column":3}},"type":"if","locations":[{"start":{"line":166,"column":9},"end":{"line":228,"column":3}},{"start":{"line":166,"column":9},"end":{"line":228,"column":3}}],"line":166},"6":{"loc":{"start":{"line":205,"column":9},"end":{"line":211,"column":9}},"type":"binary-expr","locations":[{"start":{"line":205,"column":9},"end":{"line":205,"column":35}},{"start":{"line":206,"column":10},"end":{"line":210,"column":16}}],"line":205},"7":{"loc":{"start":{"line":213,"column":9},"end":{"line":218,"column":9}},"type":"binary-expr","locations":[{"start":{"line":213,"column":9},"end":{"line":213,"column":33}},{"start":{"line":214,"column":10},"end":{"line":217,"column":16}}],"line":213},"8":{"loc":{"start":{"line":220,"column":9},"end":{"line":225,"column":9}},"type":"binary-expr","locations":[{"start":{"line":220,"column":9},"end":{"line":220,"column":30}},{"start":{"line":221,"column":10},"end":{"line":224,"column":16}}],"line":220}},"s":{"0":54,"1":54,"2":54,"3":54,"4":54,"5":54,"6":54,"7":54,"8":54,"9":54,"10":54,"11":54,"12":10,"13":10,"14":10,"15":10,"16":10,"17":10,"18":10,"19":10,"20":10,"21":10,"22":10,"23":0,"24":54,"25":8,"26":54,"27":4,"28":54,"29":0,"30":0,"31":54,"32":0,"33":0,"34":54,"35":0,"36":0,"37":54,"38":0,"39":0,"40":54,"41":4,"42":4,"43":54,"44":54,"45":54,"46":54,"47":0,"48":54,"49":176,"50":0,"51":54,"52":3,"53":2,"54":2,"55":1,"56":1,"57":54,"58":1,"59":0,"60":0,"61":1,"62":1,"63":54,"64":132,"65":0,"66":54,"67":348,"68":4,"69":54,"70":0,"71":54,"72":0,"73":54,"74":12,"75":42,"76":0,"77":0,"78":4,"79":4},"f":{"0":54,"1":10,"2":8,"3":4,"4":0,"5":0,"6":0,"7":0,"8":0,"9":0,"10":4,"11":0,"12":176,"13":0,"14":3,"15":2,"16":1,"17":1,"18":0,"19":1,"20":132,"21":0,"22":348,"23":4,"24":0,"25":0,"26":4},"b":{"0":[0,0],"1":[0,0],"2":[0,0],"3":[0,54],"4":[0,54],"5":[12,42],"6":[42,0],"7":[42,0],"8":[42,16]},"_coverageSchema":"1a1c01bbd47fc00a2c39e90264f33305004495a9","hash":"a960d2990eb29837cc3a937cfed3f8eebd69090d"}
,"/Users/nehajoshi/Documents/courses/fse/cs5500-final-project-jay-neha/client/src/utils/formatdate.js": {"path":"/Users/nehajoshi/Documents/courses/fse/cs5500-final-project-jay-neha/client/src/utils/formatdate.js","statementMap":{"0":{"start":{"line":4,"column":16},"end":{"line":4,"column":26}},"1":{"start":{"line":5,"column":17},"end":{"line":5,"column":27}},"2":{"start":{"line":7,"column":4},"end":{"line":27,"column":5}},"3":{"start":{"line":8,"column":8},"end":{"line":8,"column":31}},"4":{"start":{"line":9,"column":11},"end":{"line":27,"column":5}},"5":{"start":{"line":10,"column":24},"end":{"line":10,"column":47}},"6":{"start":{"line":11,"column":8},"end":{"line":11,"column":66}},"7":{"start":{"line":12,"column":11},"end":{"line":27,"column":5}},"8":{"start":{"line":13,"column":24},"end":{"line":13,"column":48}},"9":{"start":{"line":14,"column":8},"end":{"line":14,"column":66}},"10":{"start":{"line":15,"column":11},"end":{"line":27,"column":5}},"11":{"start":{"line":16,"column":24},"end":{"line":16,"column":75}},"12":{"start":{"line":17,"column":30},"end":{"line":17,"column":71}},"13":{"start":{"line":18,"column":8},"end":{"line":18,"column":144}},"14":{"start":{"line":19,"column":11},"end":{"line":27,"column":5}},"15":{"start":{"line":20,"column":24},"end":{"line":20,"column":75}},"16":{"start":{"line":21,"column":30},"end":{"line":21,"column":71}},"17":{"start":{"line":22,"column":8},"end":{"line":22,"column":144}},"18":{"start":{"line":24,"column":24},"end":{"line":24,"column":75}},"19":{"start":{"line":25,"column":30},"end":{"line":25,"column":71}},"20":{"start":{"line":26,"column":8},"end":{"line":26,"column":144}}},"fnMap":{"0":{"name":"formatDate","decl":{"start":{"line":3,"column":16},"end":{"line":3,"column":26}},"loc":{"start":{"line":3,"column":33},"end":{"line":28,"column":1}},"line":3}},"branchMap":{"0":{"loc":{"start":{"line":7,"column":4},"end":{"line":27,"column":5}},"type":"if","locations":[{"start":{"line":7,"column":4},"end":{"line":27,"column":5}},{"start":{"line":7,"column":4},"end":{"line":27,"column":5}}],"line":7},"1":{"loc":{"start":{"line":9,"column":11},"end":{"line":27,"column":5}},"type":"if","locations":[{"start":{"line":9,"column":11},"end":{"line":27,"column":5}},{"start":{"line":9,"column":11},"end":{"line":27,"column":5}}],"line":9},"2":{"loc":{"start":{"line":11,"column":35},"end":{"line":11,"column":59}},"type":"cond-expr","locations":[{"start":{"line":11,"column":51},"end":{"line":11,"column":53}},{"start":{"line":11,"column":56},"end":{"line":11,"column":59}}],"line":11},"3":{"loc":{"start":{"line":12,"column":11},"end":{"line":27,"column":5}},"type":"if","locations":[{"start":{"line":12,"column":11},"end":{"line":27,"column":5}},{"start":{"line":12,"column":11},"end":{"line":27,"column":5}}],"line":12},"4":{"loc":{"start":{"line":14,"column":35},"end":{"line":14,"column":59}},"type":"cond-expr","locations":[{"start":{"line":14,"column":51},"end":{"line":14,"column":53}},{"start":{"line":14,"column":56},"end":{"line":14,"column":59}}],"line":14},"5":{"loc":{"start":{"line":15,"column":11},"end":{"line":27,"column":5}},"type":"if","locations":[{"start":{"line":15,"column":11},"end":{"line":27,"column":5}},{"start":{"line":15,"column":11},"end":{"line":27,"column":5}}],"line":15},"6":{"loc":{"start":{"line":19,"column":11},"end":{"line":27,"column":5}},"type":"if","locations":[{"start":{"line":19,"column":11},"end":{"line":27,"column":5}},{"start":{"line":19,"column":11},"end":{"line":27,"column":5}}],"line":19}},"s":{"0":70,"1":70,"2":70,"3":0,"4":70,"5":0,"6":0,"7":70,"8":0,"9":0,"10":70,"11":0,"12":0,"13":0,"14":70,"15":70,"16":70,"17":70,"18":0,"19":0,"20":0},"f":{"0":70},"b":{"0":[0,70],"1":[0,70],"2":[0,0],"3":[0,70],"4":[0,0],"5":[0,70],"6":[70,0]},"_coverageSchema":"1a1c01bbd47fc00a2c39e90264f33305004495a9","hash":"c92549a60a61a38901fa5cf30673cd60f5564164"}
,"/Users/nehajoshi/Documents/courses/fse/cs5500-final-project-jay-neha/client/src/utils/makeurl.js": {"path":"/Users/nehajoshi/Documents/courses/fse/cs5500-final-project-jay-neha/client/src/utils/makeurl.js","statementMap":{"0":{"start":{"line":2,"column":21},"end":{"line":2,"column":45}},"1":{"start":{"line":3,"column":4},"end":{"line":16,"column":5}},"2":{"start":{"line":4,"column":8},"end":{"line":9,"column":9}},"3":{"start":{"line":5,"column":12},"end":{"line":5,"column":51}},"4":{"start":{"line":8,"column":12},"end":{"line":8,"column":61}},"5":{"start":{"line":10,"column":11},"end":{"line":16,"column":5}},"6":{"start":{"line":11,"column":8},"end":{"line":15,"column":9}},"7":{"start":{"line":12,"column":12},"end":{"line":12,"column":37}},"8":{"start":{"line":14,"column":12},"end":{"line":14,"column":48}}},"fnMap":{"0":{"name":"makeUrl","decl":{"start":{"line":1,"column":24},"end":{"line":1,"column":31}},"loc":{"start":{"line":1,"column":49},"end":{"line":17,"column":1}},"line":1}},"branchMap":{"0":{"loc":{"start":{"line":3,"column":4},"end":{"line":16,"column":5}},"type":"if","locations":[{"start":{"line":3,"column":4},"end":{"line":16,"column":5}},{"start":{"line":3,"column":4},"end":{"line":16,"column":5}}],"line":3},"1":{"loc":{"start":{"line":4,"column":8},"end":{"line":9,"column":9}},"type":"if","locations":[{"start":{"line":4,"column":8},"end":{"line":9,"column":9}},{"start":{"line":4,"column":8},"end":{"line":9,"column":9}}],"line":4},"2":{"loc":{"start":{"line":10,"column":11},"end":{"line":16,"column":5}},"type":"if","locations":[{"start":{"line":10,"column":11},"end":{"line":16,"column":5}},{"start":{"line":10,"column":11},"end":{"line":16,"column":5}}],"line":10},"3":{"loc":{"start":{"line":11,"column":8},"end":{"line":15,"column":9}},"type":"if","locations":[{"start":{"line":11,"column":8},"end":{"line":15,"column":9}},{"start":{"line":11,"column":8},"end":{"line":15,"column":9}}],"line":11}},"s":{"0":1,"1":1,"2":0,"3":0,"4":0,"5":1,"6":1,"7":1,"8":0},"f":{"0":1},"b":{"0":[0,1],"1":[0,0],"2":[1,0],"3":[1,0]},"_coverageSchema":"1a1c01bbd47fc00a2c39e90264f33305004495a9","hash":"2d32fb75abe79901a77459d7665b1ed0eaac373c"}
}
