TN:
SF:../client/src/App.js
FN:14,App
FN:24,(anonymous_1)
FNF:2
FNH:1
FNDA:12,App
FNDA:0,(anonymous_1)
DA:15,12
DA:24,0
LF:2
LH:1
BRF:0
BRH:0
end_of_record
TN:
SF:../client/src/index.js
FNF:0
FNH:0
DA:5,4
DA:6,4
LF:2
LH:2
BRF:0
BRH:0
end_of_record
TN:
SF:../client/src/components/AuthContext.js
FN:8,(anonymous_0)
FN:13,(anonymous_1)
FN:14,(anonymous_2)
FN:33,(anonymous_3)
FN:38,(anonymous_4)
FN:55,(anonymous_5)
FNF:6
FNH:5
FNDA:16,(anonymous_0)
FNDA:8,(anonymous_1)
FNDA:8,(anonymous_2)
FNDA:4,(anonymous_3)
FNDA:0,(anonymous_4)
FNDA:228,(anonymous_5)
DA:6,4
DA:8,4
DA:9,16
DA:10,16
DA:13,16
DA:14,8
DA:15,8
DA:17,8
DA:18,8
DA:21,8
DA:22,0
DA:23,0
DA:26,0
DA:30,8
DA:33,16
DA:34,4
DA:35,4
DA:38,16
DA:39,0
DA:40,0
DA:43,16
DA:51,4
DA:55,228
LF:23
LH:18
BRDA:21,0,0,0
BRDA:21,0,1,8
BRDA:21,1,0,8
BRDA:21,1,1,0
BRF:4
BRH:2
end_of_record
TN:
SF:../client/src/components/answerform.js
FN:5,AnswerForm
FN:10,(anonymous_1)
FN:16,(anonymous_2)
FN:52,(anonymous_3)
FN:60,(anonymous_4)
FNF:5
FNH:0
FNDA:0,AnswerForm
FNDA:0,(anonymous_1)
FNDA:0,(anonymous_2)
FNDA:0,(anonymous_3)
FNDA:0,(anonymous_4)
DA:6,0
DA:7,0
DA:8,0
DA:10,0
DA:11,0
DA:12,0
DA:16,0
DA:17,0
DA:19,0
DA:21,0
DA:22,0
DA:23,0
DA:26,0
DA:27,0
DA:29,0
DA:30,0
DA:31,0
DA:32,0
DA:33,0
DA:34,0
DA:35,0
DA:40,0
DA:41,0
DA:44,0
DA:45,0
DA:46,0
DA:50,0
DA:52,0
DA:60,0
DA:72,4
LF:30
LH:1
BRDA:11,0,0,0
BRDA:11,0,1,0
BRDA:21,1,0,0
BRDA:21,1,1,0
BRDA:29,2,0,0
BRDA:29,2,1,0
BRDA:32,3,0,0
BRDA:32,3,1,0
BRDA:32,4,0,0
BRDA:32,4,1,0
BRDA:32,4,2,0
BRDA:32,4,3,0
BRDA:32,4,4,0
BRDA:40,5,0,0
BRDA:40,5,1,0
BRDA:40,6,0,0
BRDA:40,6,1,0
BRDA:44,7,0,0
BRDA:44,7,1,0
BRDA:52,8,0,0
BRDA:52,8,1,0
BRDA:53,9,0,0
BRDA:53,9,1,0
BRF:23
BRH:0
end_of_record
TN:
SF:../client/src/components/answerlist.js
FN:10,AnswerList
FN:18,(anonymous_1)
FN:20,(anonymous_2)
FN:29,(anonymous_3)
FN:35,(anonymous_4)
FN:39,(anonymous_5)
FN:47,(anonymous_6)
FN:55,(anonymous_7)
FN:56,(anonymous_8)
FN:61,(anonymous_9)
FN:62,(anonymous_10)
FN:71,(anonymous_11)
FN:95,(anonymous_12)
FN:97,(anonymous_13)
FN:109,(anonymous_14)
FN:139,(anonymous_15)
FN:145,(anonymous_16)
FN:147,(anonymous_17)
FN:166,(anonymous_18)
FNF:19
FNH:0
FNDA:0,AnswerList
FNDA:0,(anonymous_1)
FNDA:0,(anonymous_2)
FNDA:0,(anonymous_3)
FNDA:0,(anonymous_4)
FNDA:0,(anonymous_5)
FNDA:0,(anonymous_6)
FNDA:0,(anonymous_7)
FNDA:0,(anonymous_8)
FNDA:0,(anonymous_9)
FNDA:0,(anonymous_10)
FNDA:0,(anonymous_11)
FNDA:0,(anonymous_12)
FNDA:0,(anonymous_13)
FNDA:0,(anonymous_14)
FNDA:0,(anonymous_15)
FNDA:0,(anonymous_16)
FNDA:0,(anonymous_17)
FNDA:0,(anonymous_18)
DA:6,4
DA:11,0
DA:12,0
DA:13,0
DA:14,0
DA:15,0
DA:16,0
DA:18,0
DA:20,0
DA:21,0
DA:22,0
DA:24,0
DA:26,0
DA:29,0
DA:30,0
DA:36,0
DA:37,0
DA:39,0
DA:40,0
DA:42,0
DA:49,0
DA:55,0
DA:56,0
DA:57,0
DA:61,0
DA:62,0
DA:63,0
DA:67,0
DA:68,0
DA:69,0
DA:71,0
DA:72,0
DA:89,0
DA:95,0
DA:97,0
DA:109,0
DA:140,0
DA:145,0
DA:147,0
DA:166,0
DA:192,4
LF:41
LH:2
BRDA:21,0,0,0
BRDA:21,0,1,0
BRDA:36,1,0,0
BRDA:36,1,1,0
BRDA:40,2,0,0
BRDA:40,2,1,0
BRDA:57,3,0,0
BRDA:57,3,1,0
BRDA:63,4,0,0
BRDA:63,4,1,0
BRDA:73,5,0,0
BRDA:73,5,1,0
BRDA:93,6,0,0
BRDA:93,6,1,0
BRDA:143,7,0,0
BRDA:143,7,1,0
BRDA:165,8,0,0
BRDA:165,8,1,0
BRDA:165,8,2,0
BRDA:165,8,3,0
BRDA:182,9,0,0
BRDA:182,9,1,0
BRF:22
BRH:0
end_of_record
TN:
SF:../client/src/components/commentlist.js
FN:8,CommentList
FN:14,(anonymous_1)
FN:15,(anonymous_2)
FN:20,(anonymous_3)
FN:21,(anonymous_4)
FN:26,(anonymous_5)
FN:30,(anonymous_6)
FN:38,(anonymous_7)
FN:42,(anonymous_8)
FN:51,(anonymous_9)
FN:66,(anonymous_10)
FN:82,(anonymous_11)
FN:85,(anonymous_12)
FN:90,(anonymous_13)
FNF:14
FNH:0
FNDA:0,CommentList
FNDA:0,(anonymous_1)
FNDA:0,(anonymous_2)
FNDA:0,(anonymous_3)
FNDA:0,(anonymous_4)
FNDA:0,(anonymous_5)
FNDA:0,(anonymous_6)
FNDA:0,(anonymous_7)
FNDA:0,(anonymous_8)
FNDA:0,(anonymous_9)
FNDA:0,(anonymous_10)
FNDA:0,(anonymous_11)
FNDA:0,(anonymous_12)
FNDA:0,(anonymous_13)
DA:5,4
DA:9,0
DA:10,0
DA:11,0
DA:12,0
DA:14,0
DA:15,0
DA:16,0
DA:20,0
DA:21,0
DA:22,0
DA:26,0
DA:27,0
DA:30,0
DA:31,0
DA:32,0
DA:33,0
DA:34,0
DA:38,0
DA:39,0
DA:40,0
DA:42,0
DA:43,0
DA:47,0
DA:48,0
DA:49,0
DA:51,0
DA:52,0
DA:66,0
DA:67,0
DA:82,0
DA:83,0
DA:86,0
DA:90,0
DA:111,0
DA:120,4
LF:36
LH:2
BRDA:16,0,0,0
BRDA:16,0,1,0
BRDA:22,1,0,0
BRDA:22,1,1,0
BRDA:31,2,0,0
BRDA:31,2,1,0
BRDA:31,3,0,0
BRDA:31,3,1,0
BRDA:53,4,0,0
BRDA:53,4,1,0
BRDA:68,5,0,0
BRDA:68,5,1,0
BRDA:88,6,0,0
BRDA:88,6,1,0
BRF:14
BRH:0
end_of_record
TN:
SF:../client/src/components/fakestackoverflow.js
FN:10,FakeStackOverflow
FN:26,(anonymous_1)
FN:28,(anonymous_2)
FN:33,(anonymous_3)
FN:40,handleContent
FN:42,(anonymous_5)
FN:68,(anonymous_6)
FN:73,(anonymous_7)
FN:77,(anonymous_8)
FN:81,(anonymous_9)
FN:85,(anonymous_10)
FN:87,(anonymous_11)
FN:89,(anonymous_12)
FN:94,(anonymous_13)
FN:97,(anonymous_14)
FN:102,(anonymous_15)
FN:107,(anonymous_16)
FN:111,(anonymous_17)
FN:116,(anonymous_18)
FN:121,(anonymous_19)
FN:128,(anonymous_20)
FN:136,(anonymous_21)
FN:143,(anonymous_22)
FN:147,(anonymous_23)
FN:152,handleVote
FN:160,(anonymous_25)
FN:164,(anonymous_26)
FN:169,handleCommentSubmit
FN:178,(anonymous_28)
FN:182,(anonymous_29)
FN:197,(anonymous_30)
FN:198,(anonymous_31)
FNF:32
FNH:10
FNDA:38,FakeStackOverflow
FNDA:8,(anonymous_1)
FNDA:8,(anonymous_2)
FNDA:0,(anonymous_3)
FNDA:1,handleContent
FNDA:1,(anonymous_5)
FNDA:0,(anonymous_6)
FNDA:2,(anonymous_7)
FNDA:0,(anonymous_8)
FNDA:0,(anonymous_9)
FNDA:0,(anonymous_10)
FNDA:0,(anonymous_11)
FNDA:0,(anonymous_12)
FNDA:0,(anonymous_13)
FNDA:0,(anonymous_14)
FNDA:0,(anonymous_15)
FNDA:0,(anonymous_16)
FNDA:0,(anonymous_17)
FNDA:4,(anonymous_18)
FNDA:0,(anonymous_19)
FNDA:0,(anonymous_20)
FNDA:0,(anonymous_21)
FNDA:12,(anonymous_22)
FNDA:8,(anonymous_23)
FNDA:0,handleVote
FNDA:0,(anonymous_25)
FNDA:0,(anonymous_26)
FNDA:0,handleCommentSubmit
FNDA:0,(anonymous_28)
FNDA:0,(anonymous_29)
FNDA:0,(anonymous_30)
FNDA:1,(anonymous_31)
DA:3,4
DA:11,38
DA:12,38
DA:13,38
DA:14,38
DA:15,38
DA:21,38
DA:24,38
DA:26,38
DA:27,8
DA:29,8
DA:30,8
DA:31,8
DA:34,0
DA:38,38
DA:41,1
DA:43,1
DA:44,0
DA:45,0
DA:46,0
DA:47,0
DA:49,0
DA:51,0
DA:52,0
DA:54,1
DA:55,1
DA:56,1
DA:57,1
DA:59,0
DA:60,0
DA:61,0
DA:63,0
DA:66,1
DA:69,0
DA:73,38
DA:74,2
DA:77,38
DA:78,0
DA:81,38
DA:82,0
DA:85,38
DA:86,0
DA:88,0
DA:90,0
DA:91,0
DA:92,0
DA:93,0
DA:95,0
DA:98,0
DA:102,38
DA:104,0
DA:105,0
DA:106,0
DA:108,0
DA:109,0
DA:110,0
DA:112,0
DA:116,38
DA:117,4
DA:118,4
DA:121,38
DA:122,0
DA:123,0
DA:124,0
DA:125,0
DA:126,0
DA:127,0
DA:129,0
DA:130,0
DA:131,0
DA:133,0
DA:134,0
DA:137,0
DA:143,38
DA:144,12
DA:145,12
DA:147,12
DA:148,8
DA:153,0
DA:159,0
DA:161,0
DA:162,0
DA:163,0
DA:165,0
DA:170,0
DA:176,0
DA:177,0
DA:179,0
DA:180,0
DA:181,0
DA:183,0
DA:187,38
DA:197,0
DA:198,1
LF:94
LH:38
BRDA:43,0,0,0
BRDA:43,0,1,1
BRDA:44,1,0,0
BRDA:44,1,1,0
BRDA:46,2,0,0
BRDA:46,2,1,0
BRDA:54,3,0,1
BRDA:54,3,1,0
BRDA:55,4,0,1
BRDA:55,4,1,0
BRDA:60,5,0,0
BRDA:60,5,1,0
BRDA:122,6,0,0
BRDA:122,6,1,0
BRDA:124,7,0,0
BRDA:124,7,1,0
BRDA:130,8,0,0
BRDA:130,8,1,0
BRDA:203,9,0,38
BRDA:203,9,1,4
BRF:20
BRH:5
end_of_record
TN:
SF:../client/src/components/headercontent.js
FN:6,HeaderContent
FN:11,(anonymous_1)
FNF:2
FNH:1
FNDA:38,HeaderContent
FNDA:0,(anonymous_1)
DA:8,38
DA:9,38
DA:11,38
DA:12,0
DA:13,0
DA:14,0
DA:15,0
DA:16,0
DA:18,0
DA:22,38
LF:10
LH:4
BRDA:28,0,0,38
BRDA:28,0,1,38
BRF:2
BRH:2
end_of_record
TN:
SF:../client/src/components/hyperlinkrenderer.js
FN:4,renderLinksInText
FN:31,HyperlinkRenderer
FNF:2
FNH:0
FNDA:0,renderLinksInText
FNDA:0,HyperlinkRenderer
DA:6,0
DA:9,0
DA:10,0
DA:13,0
DA:14,0
DA:16,0
DA:17,0
DA:19,0
DA:20,0
DA:28,0
DA:32,0
DA:35,4
LF:12
LH:1
BRDA:14,0,0,0
BRDA:14,0,1,0
BRDA:17,1,0,0
BRDA:17,1,1,0
BRF:4
BRH:0
end_of_record
TN:
SF:../client/src/components/loginpage.js
FN:8,(anonymous_0)
FN:18,(anonymous_1)
FN:23,(anonymous_2)
FNF:3
FNH:3
FNDA:96,(anonymous_0)
FNDA:44,(anonymous_1)
FNDA:4,(anonymous_2)
DA:3,4
DA:8,4
DA:9,96
DA:14,96
DA:15,96
DA:16,96
DA:18,96
DA:19,44
DA:20,44
DA:23,96
DA:24,4
DA:25,4
DA:26,4
DA:31,4
DA:32,4
DA:36,4
DA:37,4
DA:39,0
DA:40,0
DA:44,96
DA:45,96
LF:21
LH:19
BRDA:40,0,0,0
BRDA:40,0,1,0
BRDA:44,1,0,96
BRDA:44,1,1,0
BRDA:71,2,0,96
BRDA:71,2,1,0
BRF:6
BRH:2
end_of_record
TN:
SF:../client/src/components/maincontent.js
FN:11,MainContent
FNF:1
FNH:1
FNDA:38,MainContent
DA:33,38
DA:34,22
DA:43,16
DA:44,0
DA:53,16
DA:54,2
DA:61,14
DA:62,0
DA:69,14
DA:70,0
DA:77,14
DA:78,0
DA:79,14
DA:80,14
DA:84,0
DA:88,4
LF:16
LH:11
BRDA:33,0,0,22
BRDA:33,0,1,16
BRDA:43,1,0,0
BRDA:43,1,1,16
BRDA:53,2,0,2
BRDA:53,2,1,14
BRDA:61,3,0,0
BRDA:61,3,1,14
BRDA:69,4,0,0
BRDA:69,4,1,14
BRDA:77,5,0,0
BRDA:77,5,1,14
BRDA:79,6,0,14
BRDA:79,6,1,0
BRF:14
BRH:9
end_of_record
TN:
SF:../client/src/components/questionform.js
FN:5,QuestionForm
FN:11,(anonymous_1)
FN:17,(anonymous_2)
FN:47,(anonymous_3)
FN:68,(anonymous_4)
FN:76,(anonymous_5)
FN:85,(anonymous_6)
FNF:7
FNH:0
FNDA:0,QuestionForm
FNDA:0,(anonymous_1)
FNDA:0,(anonymous_2)
FNDA:0,(anonymous_3)
FNDA:0,(anonymous_4)
FNDA:0,(anonymous_5)
FNDA:0,(anonymous_6)
DA:6,0
DA:7,0
DA:8,0
DA:9,0
DA:11,0
DA:12,0
DA:13,0
DA:17,0
DA:18,0
DA:19,0
DA:21,0
DA:22,0
DA:23,0
DA:26,0
DA:27,0
DA:28,0
DA:31,0
DA:32,0
DA:34,0
DA:35,0
DA:36,0
DA:37,0
DA:38,0
DA:39,0
DA:40,0
DA:45,0
DA:47,0
DA:48,0
DA:49,0
DA:52,0
DA:53,0
DA:55,0
DA:59,0
DA:68,0
DA:76,0
DA:85,0
DA:99,4
LF:37
LH:1
BRDA:12,0,0,0
BRDA:12,0,1,0
BRDA:21,1,0,0
BRDA:21,1,1,0
BRDA:21,2,0,0
BRDA:21,2,1,0
BRDA:26,3,0,0
BRDA:26,3,1,0
BRDA:34,4,0,0
BRDA:34,4,1,0
BRDA:37,5,0,0
BRDA:37,5,1,0
BRDA:37,6,0,0
BRDA:37,6,1,0
BRDA:37,6,2,0
BRDA:37,6,3,0
BRDA:37,6,4,0
BRDA:47,7,0,0
BRDA:47,7,1,0
BRDA:47,8,0,0
BRDA:47,8,1,0
BRDA:52,9,0,0
BRDA:52,9,1,0
BRDA:61,10,0,0
BRDA:61,10,1,0
BRDA:90,11,0,0
BRDA:90,11,1,0
BRF:27
BRH:0
end_of_record
TN:
SF:../client/src/components/questionlist.js
FN:5,QuestionList
FN:15,(anonymous_1)
FN:16,(anonymous_2)
FN:21,(anonymous_3)
FN:22,(anonymous_4)
FN:31,(anonymous_5)
FN:35,(anonymous_6)
FN:39,(anonymous_7)
FN:43,(anonymous_8)
FN:50,(anonymous_9)
FN:68,(anonymous_10)
FN:71,(anonymous_11)
FN:76,(anonymous_12)
FN:90,(anonymous_13)
FN:120,(anonymous_14)
FNF:15
FNH:6
FNDA:22,QuestionList
FNDA:0,(anonymous_1)
FNDA:0,(anonymous_2)
FNDA:0,(anonymous_3)
FNDA:0,(anonymous_4)
FNDA:0,(anonymous_5)
FNDA:0,(anonymous_6)
FNDA:0,(anonymous_7)
FNDA:70,(anonymous_8)
FNDA:22,(anonymous_9)
FNDA:22,(anonymous_10)
FNDA:70,(anonymous_11)
FNDA:0,(anonymous_12)
FNDA:182,(anonymous_13)
FNDA:0,(anonymous_14)
DA:12,22
DA:13,22
DA:15,22
DA:16,0
DA:17,0
DA:21,22
DA:22,0
DA:23,0
DA:27,22
DA:28,22
DA:29,22
DA:31,22
DA:32,0
DA:35,22
DA:36,0
DA:39,22
DA:40,0
DA:43,22
DA:44,70
DA:45,70
DA:47,0
DA:50,22
DA:51,22
DA:68,22
DA:69,22
DA:72,70
DA:76,0
DA:91,182
DA:107,22
DA:120,0
DA:146,4
LF:31
LH:21
BRDA:17,0,0,0
BRDA:17,0,1,0
BRDA:23,1,0,0
BRDA:23,1,1,0
BRDA:44,2,0,70
BRDA:44,2,1,0
BRDA:52,3,0,22
BRDA:52,3,1,14
BRDA:112,4,0,8
BRDA:112,4,1,14
BRDA:114,5,0,14
BRDA:114,5,1,0
BRDA:116,6,0,0
BRDA:116,6,1,0
BRDA:129,7,0,0
BRDA:129,7,1,22
BRF:16
BRH:7
end_of_record
TN:
SF:../client/src/components/registerpage.js
FN:7,(anonymous_0)
FN:19,(anonymous_1)
FN:24,(anonymous_2)
FNF:3
FNH:0
FNDA:0,(anonymous_0)
FNDA:0,(anonymous_1)
FNDA:0,(anonymous_2)
DA:3,4
DA:7,4
DA:8,0
DA:15,0
DA:16,0
DA:17,0
DA:19,0
DA:20,0
DA:21,0
DA:24,0
DA:25,0
DA:27,0
DA:28,0
DA:29,0
DA:32,0
DA:33,0
DA:40,0
DA:41,0
DA:42,0
DA:44,0
DA:45,0
DA:49,0
DA:50,0
DA:53,0
LF:24
LH:2
BRDA:27,0,0,0
BRDA:27,0,1,0
BRDA:49,1,0,0
BRDA:49,1,1,0
BRDA:98,2,0,0
BRDA:98,2,1,0
BRF:6
BRH:0
end_of_record
TN:
SF:../client/src/components/sidebarnav.js
FN:5,SideBarNav
FN:9,(anonymous_1)
FN:14,(anonymous_2)
FN:19,(anonymous_3)
FNF:4
FNH:3
FNDA:40,SideBarNav
FNDA:0,(anonymous_1)
FNDA:1,(anonymous_2)
FNDA:4,(anonymous_3)
DA:6,40
DA:7,40
DA:9,40
DA:10,0
DA:11,0
DA:14,40
DA:15,1
DA:16,1
DA:19,40
DA:20,4
DA:21,4
DA:24,40
DA:60,4
LF:13
LH:11
BRDA:30,0,0,0
BRDA:30,0,1,40
BRDA:39,1,0,4
BRDA:39,1,1,36
BRDA:44,2,0,40
BRDA:44,2,1,40
BRDA:49,3,0,14
BRDA:49,3,1,26
BRF:8
BRH:7
end_of_record
TN:
SF:../client/src/components/tagspage.js
FN:4,TagsPage
FN:18,(anonymous_1)
FN:22,(anonymous_2)
FN:24,(anonymous_3)
FNF:4
FNH:2
FNDA:2,TagsPage
FNDA:0,(anonymous_1)
FNDA:38,(anonymous_2)
FNDA:0,(anonymous_3)
DA:6,2
DA:18,0
DA:23,38
DA:24,0
DA:41,4
LF:5
LH:3
BRDA:29,0,0,10
BRDA:29,0,1,28
BRF:2
BRH:2
end_of_record
TN:
SF:../client/src/components/welcomepage.js
FN:5,(anonymous_0)
FNF:1
FNH:1
FNDA:8,(anonymous_0)
DA:5,4
DA:6,8
LF:2
LH:2
BRF:0
BRH:0
end_of_record
TN:
SF:../client/src/components/userprofile/editanswerform.js
FN:4,EditAnswerForm
FN:8,(anonymous_1)
FN:47,(anonymous_2)
FN:53,(anonymous_3)
FNF:4
FNH:0
FNDA:0,EditAnswerForm
FNDA:0,(anonymous_1)
FNDA:0,(anonymous_2)
FNDA:0,(anonymous_3)
DA:5,0
DA:6,0
DA:8,0
DA:9,0
DA:11,0
DA:13,0
DA:14,0
DA:15,0
DA:18,0
DA:19,0
DA:21,0
DA:22,0
DA:23,0
DA:24,0
DA:25,0
DA:26,0
DA:27,0
DA:32,0
DA:33,0
DA:36,0
DA:40,0
DA:47,0
DA:53,0
DA:58,4
LF:24
LH:1
BRDA:13,0,0,0
BRDA:13,0,1,0
BRDA:21,1,0,0
BRDA:21,1,1,0
BRDA:24,2,0,0
BRDA:24,2,1,0
BRDA:24,3,0,0
BRDA:24,3,1,0
BRDA:24,3,2,0
BRDA:24,3,3,0
BRDA:24,3,4,0
BRDA:32,4,0,0
BRDA:32,4,1,0
BRF:13
BRH:0
end_of_record
TN:
SF:../client/src/components/userprofile/editquestionform.js
FN:4,EditQuestionForm
FN:7,(anonymous_1)
FN:12,(anonymous_2)
FN:50,(anonymous_3)
FN:73,(anonymous_4)
FN:82,(anonymous_5)
FN:92,(anonymous_6)
FN:98,(anonymous_7)
FNF:8
FNH:0
FNDA:0,EditQuestionForm
FNDA:0,(anonymous_1)
FNDA:0,(anonymous_2)
FNDA:0,(anonymous_3)
FNDA:0,(anonymous_4)
FNDA:0,(anonymous_5)
FNDA:0,(anonymous_6)
FNDA:0,(anonymous_7)
DA:5,0
DA:6,0
DA:7,0
DA:8,0
DA:9,0
DA:10,0
DA:12,0
DA:13,0
DA:14,0
DA:15,0
DA:16,0
DA:18,0
DA:19,0
DA:20,0
DA:21,0
DA:22,0
DA:23,0
DA:26,0
DA:27,0
DA:28,0
DA:31,0
DA:32,0
DA:34,0
DA:35,0
DA:36,0
DA:37,0
DA:38,0
DA:39,0
DA:40,0
DA:45,0
DA:47,0
DA:48,0
DA:49,0
DA:50,0
DA:51,0
DA:52,0
DA:55,0
DA:56,0
DA:61,0
DA:65,0
DA:73,0
DA:82,0
DA:92,0
DA:98,0
DA:104,4
LF:45
LH:1
BRDA:18,0,0,0
BRDA:18,0,1,0
BRDA:21,1,0,0
BRDA:21,1,1,0
BRDA:26,2,0,0
BRDA:26,2,1,0
BRDA:34,3,0,0
BRDA:34,3,1,0
BRDA:37,4,0,0
BRDA:37,4,1,0
BRDA:37,5,0,0
BRDA:37,5,1,0
BRDA:37,5,2,0
BRDA:37,5,3,0
BRDA:37,5,4,0
BRDA:47,6,0,0
BRDA:47,6,1,0
BRDA:50,7,0,0
BRDA:50,7,1,0
BRDA:55,8,0,0
BRDA:55,8,1,0
BRDA:76,9,0,0
BRDA:76,9,1,0
BRDA:85,10,0,0
BRDA:85,10,1,0
BRDA:95,11,0,0
BRDA:95,11,1,0
BRF:27
BRH:0
end_of_record
TN:
SF:../client/src/components/userprofile/edittagform.js
FN:4,EditTagForm
FN:8,(anonymous_1)
FN:36,(anonymous_2)
FN:42,(anonymous_3)
FNF:4
FNH:4
FNDA:22,EditTagForm
FNDA:1,(anonymous_1)
FNDA:4,(anonymous_2)
FNDA:3,(anonymous_3)
DA:5,22
DA:6,22
DA:8,22
DA:9,1
DA:11,1
DA:13,1
DA:14,0
DA:15,0
DA:16,1
DA:17,0
DA:18,0
DA:21,1
DA:22,1
DA:25,1
DA:29,22
DA:36,4
DA:42,3
DA:47,4
LF:18
LH:14
BRDA:13,0,0,0
BRDA:13,0,1,1
BRDA:16,1,0,0
BRDA:16,1,1,1
BRDA:21,2,0,1
BRDA:21,2,1,0
BRF:6
BRH:3
end_of_record
TN:
SF:../client/src/components/userprofile/userprofile.js
FN:9,UserProfile
FN:22,(anonymous_1)
FN:41,(anonymous_2)
FN:45,(anonymous_3)
FN:49,(anonymous_4)
FN:50,(anonymous_5)
FN:55,(anonymous_6)
FN:56,(anonymous_7)
FN:61,(anonymous_8)
FN:66,(anonymous_9)
FN:71,(anonymous_10)
FN:80,(anonymous_11)
FN:98,(anonymous_12)
FN:103,(anonymous_13)
FN:109,(anonymous_14)
FN:111,(anonymous_15)
FN:114,(anonymous_16)
FN:120,(anonymous_17)
FN:122,(anonymous_18)
FN:125,(anonymous_19)
FN:131,(anonymous_20)
FN:136,(anonymous_21)
FN:142,(anonymous_22)
FN:144,(anonymous_23)
FN:189,(anonymous_24)
FN:194,(anonymous_25)
FN:199,(anonymous_26)
FNF:27
FNH:15
FNDA:54,UserProfile
FNDA:10,(anonymous_1)
FNDA:8,(anonymous_2)
FNDA:4,(anonymous_3)
FNDA:0,(anonymous_4)
FNDA:0,(anonymous_5)
FNDA:0,(anonymous_6)
FNDA:0,(anonymous_7)
FNDA:0,(anonymous_8)
FNDA:0,(anonymous_9)
FNDA:4,(anonymous_10)
FNDA:0,(anonymous_11)
FNDA:176,(anonymous_12)
FNDA:0,(anonymous_13)
FNDA:3,(anonymous_14)
FNDA:2,(anonymous_15)
FNDA:1,(anonymous_16)
FNDA:1,(anonymous_17)
FNDA:0,(anonymous_18)
FNDA:1,(anonymous_19)
FNDA:132,(anonymous_20)
FNDA:0,(anonymous_21)
FNDA:348,(anonymous_22)
FNDA:4,(anonymous_23)
FNDA:0,(anonymous_24)
FNDA:0,(anonymous_25)
FNDA:4,(anonymous_26)
DA:10,54
DA:11,54
DA:12,54
DA:13,54
DA:14,54
DA:15,54
DA:16,54
DA:17,54
DA:18,54
DA:19,54
DA:20,54
DA:22,54
DA:23,10
DA:24,10
DA:25,10
DA:26,10
DA:27,10
DA:28,10
DA:29,10
DA:31,10
DA:32,10
DA:33,10
DA:34,10
DA:36,0
DA:41,54
DA:42,8
DA:45,54
DA:46,4
DA:49,54
DA:50,0
DA:51,0
DA:55,54
DA:56,0
DA:57,0
DA:61,54
DA:62,0
DA:63,0
DA:66,54
DA:67,0
DA:68,0
DA:71,54
DA:72,4
DA:73,4
DA:76,54
DA:77,54
DA:78,54
DA:80,54
DA:81,0
DA:98,54
DA:99,176
DA:103,0
DA:109,54
DA:110,3
DA:112,2
DA:113,2
DA:115,1
DA:116,1
DA:120,54
DA:121,1
DA:123,0
DA:124,0
DA:126,1
DA:127,1
DA:131,54
DA:132,132
DA:136,0
DA:142,54
DA:143,348
DA:144,4
DA:150,54
DA:151,0
DA:158,54
DA:159,0
DA:166,54
DA:167,12
DA:175,42
DA:189,0
DA:194,0
DA:199,4
DA:231,4
LF:80
LH:62
BRDA:51,0,0,0
BRDA:51,0,1,0
BRDA:57,1,0,0
BRDA:57,1,1,0
BRDA:82,2,0,0
BRDA:82,2,1,0
BRDA:150,3,0,0
BRDA:150,3,1,54
BRDA:158,4,0,0
BRDA:158,4,1,54
BRDA:166,5,0,12
BRDA:166,5,1,42
BRDA:205,6,0,42
BRDA:205,6,1,0
BRDA:213,7,0,42
BRDA:213,7,1,0
BRDA:220,8,0,42
BRDA:220,8,1,16
BRF:18
BRH:8
end_of_record
TN:
SF:../client/src/utils/formatdate.js
FN:3,formatDate
FNF:1
FNH:1
FNDA:70,formatDate
DA:4,70
DA:5,70
DA:7,70
DA:8,0
DA:9,70
DA:10,0
DA:11,0
DA:12,70
DA:13,0
DA:14,0
DA:15,70
DA:16,0
DA:17,0
DA:18,0
DA:19,70
DA:20,70
DA:21,70
DA:22,70
DA:24,0
DA:25,0
DA:26,0
LF:21
LH:10
BRDA:7,0,0,0
BRDA:7,0,1,70
BRDA:9,1,0,0
BRDA:9,1,1,70
BRDA:11,2,0,0
BRDA:11,2,1,0
BRDA:12,3,0,0
BRDA:12,3,1,70
BRDA:14,4,0,0
BRDA:14,4,1,0
BRDA:15,5,0,0
BRDA:15,5,1,70
BRDA:19,6,0,70
BRDA:19,6,1,0
BRF:14
BRH:5
end_of_record
TN:
SF:../client/src/utils/makeurl.js
FN:1,makeUrl
FNF:1
FNH:1
FNDA:1,makeUrl
DA:2,1
DA:3,1
DA:4,0
DA:5,0
DA:8,0
DA:10,1
DA:11,1
DA:12,1
DA:14,0
LF:9
LH:5
BRDA:3,0,0,0
BRDA:3,0,1,1
BRDA:4,1,0,0
BRDA:4,1,1,0
BRDA:10,2,0,1
BRDA:10,2,1,0
BRDA:11,3,0,1
BRDA:11,3,1,0
BRF:8
BRH:3
end_of_record
